{"C:\\Users\\micha\\Documents\\TFE\\OMG-GH\\omg-server\\app.js":{"path":"C:\\Users\\micha\\Documents\\TFE\\OMG-GH\\omg-server\\app.js","statementMap":{"0":{"start":{"line":1,"column":16},"end":{"line":1,"column":34}},"1":{"start":{"line":2,"column":12},"end":{"line":2,"column":21}},"2":{"start":{"line":3,"column":16},"end":{"line":3,"column":42}},"3":{"start":{"line":4,"column":23},"end":{"line":4,"column":62}},"4":{"start":{"line":5,"column":16},"end":{"line":5,"column":48}},"5":{"start":{"line":6,"column":23},"end":{"line":6,"column":56}},"6":{"start":{"line":8,"column":0},"end":{"line":8,"column":27}},"7":{"start":{"line":11,"column":13},"end":{"line":11,"column":28}},"8":{"start":{"line":12,"column":18},"end":{"line":15,"column":1}},"9":{"start":{"line":16,"column":0},"end":{"line":16,"column":27}},"10":{"start":{"line":20,"column":17},"end":{"line":20,"column":45}},"11":{"start":{"line":23,"column":0},"end":{"line":23,"column":57}},"12":{"start":{"line":24,"column":0},"end":{"line":24,"column":49}},"13":{"start":{"line":25,"column":0},"end":{"line":25,"column":46}},"14":{"start":{"line":27,"column":0},"end":{"line":27,"column":26}},"15":{"start":{"line":31,"column":19},"end":{"line":31,"column":41}},"16":{"start":{"line":32,"column":0},"end":{"line":32,"column":67}},"17":{"start":{"line":33,"column":0},"end":{"line":33,"column":61}},"18":{"start":{"line":37,"column":12},"end":{"line":37,"column":38}},"19":{"start":{"line":38,"column":0},"end":{"line":47,"column":3}},"20":{"start":{"line":43,"column":2},"end":{"line":43,"column":47}},"21":{"start":{"line":46,"column":2},"end":{"line":46,"column":66}},"22":{"start":{"line":48,"column":0},"end":{"line":48,"column":37}},"23":{"start":{"line":63,"column":18},"end":{"line":63,"column":47}},"24":{"start":{"line":64,"column":17},"end":{"line":64,"column":45}},"25":{"start":{"line":65,"column":18},"end":{"line":65,"column":47}},"26":{"start":{"line":66,"column":29},"end":{"line":66,"column":69}},"27":{"start":{"line":67,"column":21},"end":{"line":67,"column":53}},"28":{"start":{"line":69,"column":0},"end":{"line":69,"column":31}},"29":{"start":{"line":70,"column":0},"end":{"line":70,"column":33}},"30":{"start":{"line":71,"column":0},"end":{"line":71,"column":32}},"31":{"start":{"line":72,"column":0},"end":{"line":72,"column":45}},"32":{"start":{"line":73,"column":0},"end":{"line":73,"column":38}},"33":{"start":{"line":76,"column":0},"end":{"line":76,"column":17}},"34":{"start":{"line":77,"column":0},"end":{"line":77,"column":43}},"35":{"start":{"line":82,"column":13},"end":{"line":82,"column":33}},"36":{"start":{"line":84,"column":0},"end":{"line":93,"column":3}},"37":{"start":{"line":85,"column":12},"end":{"line":85,"column":22}},"38":{"start":{"line":86,"column":1},"end":{"line":86,"column":61}},"39":{"start":{"line":87,"column":1},"end":{"line":87,"column":49}},"40":{"start":{"line":88,"column":1},"end":{"line":92,"column":2}},"41":{"start":{"line":89,"column":2},"end":{"line":89,"column":38}},"42":{"start":{"line":91,"column":2},"end":{"line":91,"column":69}},"43":{"start":{"line":103,"column":0},"end":{"line":103,"column":21}}},"fnMap":{"0":{"name":"(anonymous_0)","decl":{"start":{"line":40,"column":7},"end":{"line":40,"column":8}},"loc":{"start":{"line":40,"column":13},"end":{"line":44,"column":2}},"line":40},"1":{"name":"(anonymous_1)","decl":{"start":{"line":45,"column":8},"end":{"line":45,"column":9}},"loc":{"start":{"line":46,"column":2},"end":{"line":46,"column":66}},"line":46},"2":{"name":"(anonymous_2)","decl":{"start":{"line":84,"column":32},"end":{"line":84,"column":33}},"loc":{"start":{"line":84,"column":38},"end":{"line":93,"column":1}},"line":84}},"branchMap":{},"s":{"0":1,"1":1,"2":1,"3":1,"4":1,"5":1,"6":1,"7":1,"8":1,"9":1,"10":1,"11":1,"12":1,"13":1,"14":1,"15":1,"16":1,"17":1,"18":1,"19":1,"20":1,"21":0,"22":1,"23":1,"24":1,"25":1,"26":1,"27":1,"28":1,"29":1,"30":1,"31":1,"32":1,"33":1,"34":1,"35":1,"36":1,"37":0,"38":0,"39":0,"40":0,"41":0,"42":0,"43":1},"f":{"0":1,"1":0,"2":0},"b":{},"_coverageSchema":"1a1c01bbd47fc00a2c39e90264f33305004495a9","hash":"0260a570730f092f40e8a5538878ce67af66ad09","contentHash":"4b93f266bd15091f29cbcffc2d349b54375fc7e5517628fd031fc0a7fe61a2a9"},"C:\\Users\\micha\\Documents\\TFE\\OMG-GH\\omg-server\\models\\modelAutoImportData.js":{"path":"C:\\Users\\micha\\Documents\\TFE\\OMG-GH\\omg-server\\models\\modelAutoImportData.js","statementMap":{"0":{"start":{"line":5,"column":12},"end":{"line":5,"column":39}},"1":{"start":{"line":6,"column":18},"end":{"line":6,"column":31}},"2":{"start":{"line":7,"column":13},"end":{"line":7,"column":26}},"3":{"start":{"line":8,"column":13},"end":{"line":8,"column":26}},"4":{"start":{"line":9,"column":13},"end":{"line":9,"column":35}},"5":{"start":{"line":25,"column":23},"end":{"line":63,"column":1}},"6":{"start":{"line":65,"column":0},"end":{"line":65,"column":32}}},"fnMap":{},"branchMap":{},"s":{"0":1,"1":1,"2":1,"3":1,"4":1,"5":1,"6":1},"f":{},"b":{},"_coverageSchema":"1a1c01bbd47fc00a2c39e90264f33305004495a9","hash":"db1fa7cb982c204cdfdac5fa3419ac1141d2a033","contentHash":"d4d70272be20e09ffa41be27fa7edd8069c901f4580d29588b884c2e37d33081"},"C:\\Users\\micha\\Documents\\TFE\\OMG-GH\\omg-server\\config\\config.js":{"path":"C:\\Users\\micha\\Documents\\TFE\\OMG-GH\\omg-server\\config\\config.js","statementMap":{"0":{"start":{"line":4,"column":0},"end":{"line":4,"column":27}},"1":{"start":{"line":5,"column":56},"end":{"line":5,"column":76}},"2":{"start":{"line":6,"column":11},"end":{"line":6,"column":26}},"3":{"start":{"line":7,"column":12},"end":{"line":7,"column":49}},"4":{"start":{"line":8,"column":15},"end":{"line":8,"column":22}},"5":{"start":{"line":9,"column":18},"end":{"line":19,"column":1}},"6":{"start":{"line":22,"column":0},"end":{"line":27,"column":3}},"7":{"start":{"line":24,"column":13},"end":{"line":24,"column":73}},"8":{"start":{"line":26,"column":2},"end":{"line":26,"column":60}},"9":{"start":{"line":29,"column":10},"end":{"line":29,"column":12}},"10":{"start":{"line":30,"column":0},"end":{"line":30,"column":26}},"11":{"start":{"line":31,"column":0},"end":{"line":31,"column":26}},"12":{"start":{"line":32,"column":0},"end":{"line":32,"column":18}},"13":{"start":{"line":33,"column":0},"end":{"line":33,"column":26}},"14":{"start":{"line":34,"column":0},"end":{"line":34,"column":36}},"15":{"start":{"line":35,"column":0},"end":{"line":35,"column":25}},"16":{"start":{"line":36,"column":0},"end":{"line":36,"column":21}}},"fnMap":{"0":{"name":"(anonymous_0)","decl":{"start":{"line":24,"column":7},"end":{"line":24,"column":8}},"loc":{"start":{"line":24,"column":13},"end":{"line":24,"column":73}},"line":24},"1":{"name":"(anonymous_1)","decl":{"start":{"line":25,"column":8},"end":{"line":25,"column":9}},"loc":{"start":{"line":26,"column":2},"end":{"line":26,"column":60}},"line":26}},"branchMap":{"0":{"loc":{"start":{"line":7,"column":12},"end":{"line":7,"column":49}},"type":"binary-expr","locations":[{"start":{"line":7,"column":12},"end":{"line":7,"column":32}},{"start":{"line":7,"column":36},"end":{"line":7,"column":49}}],"line":7},"1":{"loc":{"start":{"line":17,"column":11},"end":{"line":17,"column":62}},"type":"cond-expr","locations":[{"start":{"line":17,"column":50},"end":{"line":17,"column":55}},{"start":{"line":17,"column":58},"end":{"line":17,"column":62}}],"line":17},"2":{"loc":{"start":{"line":17,"column":11},"end":{"line":17,"column":47}},"type":"binary-expr","locations":[{"start":{"line":17,"column":11},"end":{"line":17,"column":24}},{"start":{"line":17,"column":28},"end":{"line":17,"column":47}}],"line":17}},"s":{"0":1,"1":1,"2":1,"3":1,"4":1,"5":1,"6":1,"7":1,"8":0,"9":1,"10":1,"11":1,"12":1,"13":1,"14":1,"15":1,"16":1},"f":{"0":1,"1":0},"b":{"0":[1,0],"1":[1,0],"2":[1,0]},"_coverageSchema":"1a1c01bbd47fc00a2c39e90264f33305004495a9","hash":"602fb24d0e5d7112a9a5d1ff06d41c192a91f759","contentHash":"8a5373d0b43defae4bc4c35bc5b010de352502b328aa5312627dd39aef37a88b"},"C:\\Users\\micha\\Documents\\TFE\\OMG-GH\\omg-server\\config\\db.js":{"path":"C:\\Users\\micha\\Documents\\TFE\\OMG-GH\\omg-server\\config\\db.js","statementMap":{"0":{"start":{"line":1,"column":0},"end":{"line":1,"column":27}},"1":{"start":{"line":2,"column":0},"end":{"line":26,"column":2}}},"fnMap":{},"branchMap":{},"s":{"0":1,"1":1},"f":{},"b":{},"_coverageSchema":"1a1c01bbd47fc00a2c39e90264f33305004495a9","hash":"ce6e62c5af2763da28716c521cd7d6b863a75354","contentHash":"24100b6398278ee606811ed46f3f93e3e023da0529f8a73f11212a16ea310d2e"},"C:\\Users\\micha\\Documents\\TFE\\OMG-GH\\omg-server\\models\\modelUser.js":{"path":"C:\\Users\\micha\\Documents\\TFE\\OMG-GH\\omg-server\\models\\modelUser.js","statementMap":{"0":{"start":{"line":5,"column":12},"end":{"line":5,"column":39}},"1":{"start":{"line":6,"column":18},"end":{"line":6,"column":31}},"2":{"start":{"line":6,"column":41},"end":{"line":6,"column":50}},"3":{"start":{"line":6,"column":64},"end":{"line":6,"column":77}},"4":{"start":{"line":6,"column":91},"end":{"line":6,"column":104}},"5":{"start":{"line":8,"column":13},"end":{"line":38,"column":2}},"6":{"start":{"line":39,"column":0},"end":{"line":39,"column":22}}},"fnMap":{},"branchMap":{},"s":{"0":1,"1":1,"2":1,"3":1,"4":1,"5":1,"6":1},"f":{},"b":{},"_coverageSchema":"1a1c01bbd47fc00a2c39e90264f33305004495a9","hash":"e09a15438b702af6b8fb9998c47d8e1e4957a230","contentHash":"421da19fab4a7af6d7b44a96edb68d7f59beb0e1eba96d76c94d43483d89c796"},"C:\\Users\\micha\\Documents\\TFE\\OMG-GH\\omg-server\\models\\modelInsulin.js":{"path":"C:\\Users\\micha\\Documents\\TFE\\OMG-GH\\omg-server\\models\\modelInsulin.js","statementMap":{"0":{"start":{"line":5,"column":12},"end":{"line":5,"column":39}},"1":{"start":{"line":6,"column":18},"end":{"line":6,"column":31}},"2":{"start":{"line":7,"column":13},"end":{"line":7,"column":26}},"3":{"start":{"line":8,"column":13},"end":{"line":8,"column":26}},"4":{"start":{"line":9,"column":13},"end":{"line":9,"column":35}},"5":{"start":{"line":11,"column":16},"end":{"line":60,"column":1}},"6":{"start":{"line":62,"column":0},"end":{"line":62,"column":25}}},"fnMap":{},"branchMap":{},"s":{"0":1,"1":1,"2":1,"3":1,"4":1,"5":1,"6":1},"f":{},"b":{},"_coverageSchema":"1a1c01bbd47fc00a2c39e90264f33305004495a9","hash":"f2a51c410197a096ed34aa527e28a256a69405b4","contentHash":"65faa6a23be7e7ca5a0545abecf6c2a2bcfed24385412404cec9ee3af05234a7"},"C:\\Users\\micha\\Documents\\TFE\\OMG-GH\\omg-server\\utils\\autoImportData.js":{"path":"C:\\Users\\micha\\Documents\\TFE\\OMG-GH\\omg-server\\utils\\autoImportData.js","statementMap":{"0":{"start":{"line":1,"column":0},"end":{"line":1,"column":27}},"1":{"start":{"line":3,"column":20},"end":{"line":3,"column":57}},"2":{"start":{"line":4,"column":16},"end":{"line":4,"column":49}},"3":{"start":{"line":5,"column":23},"end":{"line":5,"column":63}},"4":{"start":{"line":6,"column":24},"end":{"line":6,"column":65}},"5":{"start":{"line":7,"column":13},"end":{"line":7,"column":42}},"6":{"start":{"line":8,"column":23},"end":{"line":8,"column":53}},"7":{"start":{"line":9,"column":18},"end":{"line":9,"column":43}},"8":{"start":{"line":12,"column":12},"end":{"line":12,"column":39}},"9":{"start":{"line":13,"column":20},"end":{"line":13,"column":57}},"10":{"start":{"line":14,"column":15},"end":{"line":14,"column":35}},"11":{"start":{"line":15,"column":0},"end":{"line":15,"column":31}},"12":{"start":{"line":19,"column":1},"end":{"line":19,"column":58}},"13":{"start":{"line":20,"column":1},"end":{"line":22,"column":2}},"14":{"start":{"line":21,"column":2},"end":{"line":21,"column":12}},"15":{"start":{"line":23,"column":16},"end":{"line":27,"column":3}},"16":{"start":{"line":26,"column":2},"end":{"line":26,"column":13}},"17":{"start":{"line":29,"column":12},"end":{"line":34,"column":2}},"18":{"start":{"line":36,"column":19},"end":{"line":36,"column":30}},"19":{"start":{"line":37,"column":19},"end":{"line":37,"column":34}},"20":{"start":{"line":38,"column":21},"end":{"line":38,"column":63}},"21":{"start":{"line":39,"column":18},"end":{"line":39,"column":51}},"22":{"start":{"line":40,"column":18},"end":{"line":40,"column":33}},"23":{"start":{"line":41,"column":26},"end":{"line":41,"column":49}},"24":{"start":{"line":44,"column":23},"end":{"line":44,"column":54}},"25":{"start":{"line":46,"column":1},"end":{"line":150,"column":2}},"26":{"start":{"line":47,"column":2},"end":{"line":149,"column":3}},"27":{"start":{"line":49,"column":20},"end":{"line":64,"column":5}},"28":{"start":{"line":50,"column":19},"end":{"line":50,"column":29}},"29":{"start":{"line":51,"column":4},"end":{"line":51,"column":43}},"30":{"start":{"line":52,"column":15},"end":{"line":52,"column":17}},"31":{"start":{"line":53,"column":4},"end":{"line":55,"column":39}},"32":{"start":{"line":56,"column":4},"end":{"line":63,"column":6}},"33":{"start":{"line":65,"column":3},"end":{"line":148,"column":4}},"34":{"start":{"line":67,"column":26},"end":{"line":67,"column":28}},"35":{"start":{"line":68,"column":4},"end":{"line":147,"column":5}},"36":{"start":{"line":74,"column":5},"end":{"line":74,"column":60}},"37":{"start":{"line":75,"column":5},"end":{"line":86,"column":8}},"38":{"start":{"line":85,"column":6},"end":{"line":85,"column":21}},"39":{"start":{"line":87,"column":11},"end":{"line":147,"column":5}},"40":{"start":{"line":92,"column":5},"end":{"line":92,"column":60}},"41":{"start":{"line":93,"column":5},"end":{"line":104,"column":8}},"42":{"start":{"line":103,"column":6},"end":{"line":103,"column":21}},"43":{"start":{"line":105,"column":11},"end":{"line":147,"column":5}},"44":{"start":{"line":107,"column":29},"end":{"line":119,"column":7}},"45":{"start":{"line":108,"column":23},"end":{"line":108,"column":59}},"46":{"start":{"line":109,"column":19},"end":{"line":111,"column":21}},"47":{"start":{"line":113,"column":6},"end":{"line":118,"column":8}},"48":{"start":{"line":120,"column":5},"end":{"line":134,"column":6}},"49":{"start":{"line":121,"column":6},"end":{"line":130,"column":9}},"50":{"start":{"line":132,"column":6},"end":{"line":132,"column":35}},"51":{"start":{"line":133,"column":6},"end":{"line":133,"column":34}},"52":{"start":{"line":135,"column":5},"end":{"line":146,"column":8}},"53":{"start":{"line":145,"column":6},"end":{"line":145,"column":21}},"54":{"start":{"line":152,"column":23},"end":{"line":152,"column":54}},"55":{"start":{"line":154,"column":1},"end":{"line":188,"column":2}},"56":{"start":{"line":155,"column":2},"end":{"line":187,"column":3}},"57":{"start":{"line":156,"column":20},"end":{"line":166,"column":5}},"58":{"start":{"line":157,"column":19},"end":{"line":157,"column":29}},"59":{"start":{"line":158,"column":4},"end":{"line":158,"column":43}},"60":{"start":{"line":159,"column":4},"end":{"line":165,"column":6}},"61":{"start":{"line":167,"column":3},"end":{"line":186,"column":4}},"62":{"start":{"line":169,"column":4},"end":{"line":180,"column":7}},"63":{"start":{"line":179,"column":5},"end":{"line":179,"column":20}},"64":{"start":{"line":181,"column":4},"end":{"line":185,"column":7}},"65":{"start":{"line":189,"column":1},"end":{"line":198,"column":5}},"66":{"start":{"line":194,"column":3},"end":{"line":194,"column":14}},"67":{"start":{"line":197,"column":3},"end":{"line":197,"column":12}},"68":{"start":{"line":201,"column":1},"end":{"line":201,"column":31}},"69":{"start":{"line":206,"column":16},"end":{"line":206,"column":72}},"70":{"start":{"line":207,"column":1},"end":{"line":212,"column":2}},"71":{"start":{"line":208,"column":2},"end":{"line":208,"column":64}},"72":{"start":{"line":209,"column":2},"end":{"line":211,"column":5}},"73":{"start":{"line":210,"column":3},"end":{"line":210,"column":14}},"74":{"start":{"line":213,"column":1},"end":{"line":213,"column":10}},"75":{"start":{"line":219,"column":1},"end":{"line":221,"column":2}},"76":{"start":{"line":220,"column":2},"end":{"line":220,"column":12}},"77":{"start":{"line":223,"column":20},"end":{"line":223,"column":76}},"78":{"start":{"line":224,"column":18},"end":{"line":224,"column":28}},"79":{"start":{"line":225,"column":1},"end":{"line":225,"column":34}},"80":{"start":{"line":226,"column":1},"end":{"line":226,"column":26}},"81":{"start":{"line":227,"column":1},"end":{"line":227,"column":31}},"82":{"start":{"line":228,"column":16},"end":{"line":228,"column":18}},"83":{"start":{"line":229,"column":1},"end":{"line":253,"column":2}},"84":{"start":{"line":230,"column":13},"end":{"line":237,"column":4}},"85":{"start":{"line":238,"column":2},"end":{"line":240,"column":5}},"86":{"start":{"line":239,"column":3},"end":{"line":239,"column":31}},"87":{"start":{"line":242,"column":13},"end":{"line":249,"column":4}},"88":{"start":{"line":250,"column":2},"end":{"line":252,"column":5}},"89":{"start":{"line":251,"column":3},"end":{"line":251,"column":31}},"90":{"start":{"line":254,"column":1},"end":{"line":254,"column":17}},"91":{"start":{"line":259,"column":16},"end":{"line":259,"column":35}},"92":{"start":{"line":260,"column":1},"end":{"line":274,"column":2}},"93":{"start":{"line":261,"column":2},"end":{"line":267,"column":5}},"94":{"start":{"line":268,"column":8},"end":{"line":274,"column":2}},"95":{"start":{"line":269,"column":2},"end":{"line":269,"column":14}},"96":{"start":{"line":270,"column":8},"end":{"line":274,"column":2}},"97":{"start":{"line":271,"column":2},"end":{"line":273,"column":5}},"98":{"start":{"line":275,"column":1},"end":{"line":275,"column":13}},"99":{"start":{"line":279,"column":19},"end":{"line":279,"column":29}},"100":{"start":{"line":280,"column":18},"end":{"line":280,"column":28}},"101":{"start":{"line":282,"column":1},"end":{"line":282,"column":58}},"102":{"start":{"line":285,"column":17},"end":{"line":296,"column":3}},"103":{"start":{"line":298,"column":23},"end":{"line":300,"column":3}},"104":{"start":{"line":302,"column":1},"end":{"line":304,"column":4}},"105":{"start":{"line":303,"column":2},"end":{"line":303,"column":28}},"106":{"start":{"line":305,"column":1},"end":{"line":307,"column":4}},"107":{"start":{"line":306,"column":2},"end":{"line":306,"column":28}},"108":{"start":{"line":310,"column":1},"end":{"line":370,"column":2}},"109":{"start":{"line":312,"column":2},"end":{"line":369,"column":5}},"110":{"start":{"line":313,"column":14},"end":{"line":313,"column":53}},"111":{"start":{"line":315,"column":26},"end":{"line":320,"column":5}},"112":{"start":{"line":316,"column":16},"end":{"line":318,"column":23}},"113":{"start":{"line":319,"column":4},"end":{"line":319,"column":60}},"114":{"start":{"line":323,"column":25},"end":{"line":328,"column":5}},"115":{"start":{"line":325,"column":19},"end":{"line":325,"column":55}},"116":{"start":{"line":327,"column":4},"end":{"line":327,"column":35}},"117":{"start":{"line":331,"column":27},"end":{"line":331,"column":55}},"118":{"start":{"line":333,"column":24},"end":{"line":333,"column":26}},"119":{"start":{"line":334,"column":3},"end":{"line":344,"column":6}},"120":{"start":{"line":335,"column":4},"end":{"line":343,"column":6}},"121":{"start":{"line":337,"column":6},"end":{"line":341,"column":11}},"122":{"start":{"line":346,"column":3},"end":{"line":368,"column":6}},"123":{"start":{"line":348,"column":14},"end":{"line":355,"column":6}},"124":{"start":{"line":356,"column":4},"end":{"line":367,"column":5}},"125":{"start":{"line":359,"column":5},"end":{"line":366,"column":8}},"126":{"start":{"line":372,"column":1},"end":{"line":372,"column":10}},"127":{"start":{"line":377,"column":12},"end":{"line":377,"column":22}},"128":{"start":{"line":379,"column":16},"end":{"line":379,"column":18}},"129":{"start":{"line":381,"column":21},"end":{"line":381,"column":23}},"130":{"start":{"line":382,"column":1},"end":{"line":385,"column":2}},"131":{"start":{"line":383,"column":2},"end":{"line":383,"column":26}},"132":{"start":{"line":384,"column":2},"end":{"line":384,"column":30}},"133":{"start":{"line":386,"column":1},"end":{"line":388,"column":2}},"134":{"start":{"line":387,"column":2},"end":{"line":387,"column":19}},"135":{"start":{"line":389,"column":1},"end":{"line":393,"column":4}},"136":{"start":{"line":390,"column":2},"end":{"line":392,"column":3}},"137":{"start":{"line":391,"column":3},"end":{"line":391,"column":29}},"138":{"start":{"line":394,"column":1},"end":{"line":394,"column":22}},"139":{"start":{"line":399,"column":14},"end":{"line":399,"column":16}},"140":{"start":{"line":400,"column":1},"end":{"line":409,"column":4}},"141":{"start":{"line":401,"column":20},"end":{"line":403,"column":20}},"142":{"start":{"line":404,"column":2},"end":{"line":408,"column":3}},"143":{"start":{"line":405,"column":3},"end":{"line":405,"column":37}},"144":{"start":{"line":407,"column":3},"end":{"line":407,"column":35}},"145":{"start":{"line":410,"column":1},"end":{"line":410,"column":15}},"146":{"start":{"line":413,"column":0},"end":{"line":416,"column":2}}},"fnMap":{"0":{"name":"autoImport","decl":{"start":{"line":18,"column":15},"end":{"line":18,"column":25}},"loc":{"start":{"line":18,"column":34},"end":{"line":202,"column":1}},"line":18},"1":{"name":"(anonymous_1)","decl":{"start":{"line":25,"column":10},"end":{"line":25,"column":11}},"loc":{"start":{"line":25,"column":19},"end":{"line":27,"column":2}},"line":25},"2":{"name":"(anonymous_2)","decl":{"start":{"line":49,"column":43},"end":{"line":49,"column":44}},"loc":{"start":{"line":49,"column":50},"end":{"line":64,"column":4}},"line":49},"3":{"name":"(anonymous_3)","decl":{"start":{"line":84,"column":14},"end":{"line":84,"column":15}},"loc":{"start":{"line":84,"column":21},"end":{"line":86,"column":6}},"line":84},"4":{"name":"(anonymous_4)","decl":{"start":{"line":102,"column":14},"end":{"line":102,"column":15}},"loc":{"start":{"line":102,"column":21},"end":{"line":104,"column":6}},"line":102},"5":{"name":"(anonymous_5)","decl":{"start":{"line":107,"column":46},"end":{"line":107,"column":47}},"loc":{"start":{"line":107,"column":59},"end":{"line":119,"column":6}},"line":107},"6":{"name":"(anonymous_6)","decl":{"start":{"line":144,"column":14},"end":{"line":144,"column":15}},"loc":{"start":{"line":144,"column":21},"end":{"line":146,"column":6}},"line":144},"7":{"name":"(anonymous_7)","decl":{"start":{"line":156,"column":43},"end":{"line":156,"column":44}},"loc":{"start":{"line":156,"column":50},"end":{"line":166,"column":4}},"line":156},"8":{"name":"(anonymous_8)","decl":{"start":{"line":178,"column":13},"end":{"line":178,"column":14}},"loc":{"start":{"line":178,"column":20},"end":{"line":180,"column":5}},"line":178},"9":{"name":"(anonymous_9)","decl":{"start":{"line":193,"column":9},"end":{"line":193,"column":10}},"loc":{"start":{"line":193,"column":18},"end":{"line":195,"column":3}},"line":193},"10":{"name":"(anonymous_10)","decl":{"start":{"line":196,"column":8},"end":{"line":196,"column":9}},"loc":{"start":{"line":196,"column":14},"end":{"line":198,"column":3}},"line":196},"11":{"name":"autoImportAllUsers","decl":{"start":{"line":205,"column":15},"end":{"line":205,"column":33}},"loc":{"start":{"line":205,"column":36},"end":{"line":214,"column":1}},"line":205},"12":{"name":"(anonymous_12)","decl":{"start":{"line":209,"column":59},"end":{"line":209,"column":60}},"loc":{"start":{"line":209,"column":68},"end":{"line":211,"column":3}},"line":209},"13":{"name":"getLast24HData","decl":{"start":{"line":216,"column":15},"end":{"line":216,"column":29}},"loc":{"start":{"line":216,"column":44},"end":{"line":255,"column":1}},"line":216},"14":{"name":"(anonymous_14)","decl":{"start":{"line":238,"column":11},"end":{"line":238,"column":12}},"loc":{"start":{"line":238,"column":18},"end":{"line":240,"column":3}},"line":238},"15":{"name":"(anonymous_15)","decl":{"start":{"line":250,"column":11},"end":{"line":250,"column":12}},"loc":{"start":{"line":250,"column":18},"end":{"line":252,"column":3}},"line":250},"16":{"name":"buildAdditionnalData","decl":{"start":{"line":257,"column":9},"end":{"line":257,"column":29}},"loc":{"start":{"line":257,"column":43},"end":{"line":276,"column":1}},"line":257},"17":{"name":"runTagDetection","decl":{"start":{"line":278,"column":15},"end":{"line":278,"column":30}},"loc":{"start":{"line":278,"column":39},"end":{"line":373,"column":1}},"line":278},"18":{"name":"(anonymous_18)","decl":{"start":{"line":302,"column":36},"end":{"line":302,"column":37}},"loc":{"start":{"line":302,"column":49},"end":{"line":304,"column":2}},"line":302},"19":{"name":"(anonymous_19)","decl":{"start":{"line":305,"column":33},"end":{"line":305,"column":34}},"loc":{"start":{"line":305,"column":46},"end":{"line":307,"column":2}},"line":305},"20":{"name":"(anonymous_20)","decl":{"start":{"line":312,"column":23},"end":{"line":312,"column":24}},"loc":{"start":{"line":312,"column":34},"end":{"line":369,"column":3}},"line":312},"21":{"name":"(anonymous_21)","decl":{"start":{"line":315,"column":49},"end":{"line":315,"column":50}},"loc":{"start":{"line":315,"column":60},"end":{"line":320,"column":4}},"line":315},"22":{"name":"(anonymous_22)","decl":{"start":{"line":323,"column":49},"end":{"line":323,"column":50}},"loc":{"start":{"line":323,"column":60},"end":{"line":328,"column":4}},"line":323},"23":{"name":"(anonymous_23)","decl":{"start":{"line":334,"column":42},"end":{"line":334,"column":43}},"loc":{"start":{"line":334,"column":55},"end":{"line":344,"column":4}},"line":334},"24":{"name":"(anonymous_24)","decl":{"start":{"line":336,"column":37},"end":{"line":336,"column":38}},"loc":{"start":{"line":336,"column":47},"end":{"line":342,"column":6}},"line":336},"25":{"name":"(anonymous_25)","decl":{"start":{"line":346,"column":26},"end":{"line":346,"column":27}},"loc":{"start":{"line":346,"column":43},"end":{"line":368,"column":4}},"line":346},"26":{"name":"convertNumberToDays","decl":{"start":{"line":376,"column":9},"end":{"line":376,"column":28}},"loc":{"start":{"line":376,"column":41},"end":{"line":395,"column":1}},"line":376},"27":{"name":"(anonymous_27)","decl":{"start":{"line":389,"column":18},"end":{"line":389,"column":19}},"loc":{"start":{"line":389,"column":34},"end":{"line":393,"column":2}},"line":389},"28":{"name":"groupByDate","decl":{"start":{"line":398,"column":9},"end":{"line":398,"column":20}},"loc":{"start":{"line":398,"column":28},"end":{"line":411,"column":1}},"line":398},"29":{"name":"(anonymous_29)","decl":{"start":{"line":400,"column":15},"end":{"line":400,"column":16}},"loc":{"start":{"line":400,"column":28},"end":{"line":409,"column":2}},"line":400}},"branchMap":{"0":{"loc":{"start":{"line":20,"column":1},"end":{"line":22,"column":2}},"type":"if","locations":[{"start":{"line":20,"column":1},"end":{"line":22,"column":2}},{"start":{"line":20,"column":1},"end":{"line":22,"column":2}}],"line":20},"1":{"loc":{"start":{"line":47,"column":2},"end":{"line":149,"column":3}},"type":"if","locations":[{"start":{"line":47,"column":2},"end":{"line":149,"column":3}},{"start":{"line":47,"column":2},"end":{"line":149,"column":3}}],"line":47},"2":{"loc":{"start":{"line":53,"column":4},"end":{"line":55,"column":38}},"type":"cond-expr","locations":[{"start":{"line":54,"column":8},"end":{"line":54,"column":27}},{"start":{"line":55,"column":8},"end":{"line":55,"column":37}}],"line":53},"3":{"loc":{"start":{"line":57,"column":5},"end":{"line":61,"column":32}},"type":"binary-expr","locations":[{"start":{"line":57,"column":5},"end":{"line":61,"column":7}},{"start":{"line":61,"column":11},"end":{"line":61,"column":32}}],"line":57},"4":{"loc":{"start":{"line":65,"column":3},"end":{"line":148,"column":4}},"type":"if","locations":[{"start":{"line":65,"column":3},"end":{"line":148,"column":4}},{"start":{"line":65,"column":3},"end":{"line":148,"column":4}}],"line":65},"5":{"loc":{"start":{"line":68,"column":4},"end":{"line":147,"column":5}},"type":"if","locations":[{"start":{"line":68,"column":4},"end":{"line":147,"column":5}},{"start":{"line":68,"column":4},"end":{"line":147,"column":5}}],"line":68},"6":{"loc":{"start":{"line":69,"column":5},"end":{"line":70,"column":57}},"type":"binary-expr","locations":[{"start":{"line":69,"column":5},"end":{"line":69,"column":47}},{"start":{"line":70,"column":5},"end":{"line":70,"column":57}}],"line":69},"7":{"loc":{"start":{"line":87,"column":11},"end":{"line":147,"column":5}},"type":"if","locations":[{"start":{"line":87,"column":11},"end":{"line":147,"column":5}},{"start":{"line":87,"column":11},"end":{"line":147,"column":5}}],"line":87},"8":{"loc":{"start":{"line":105,"column":11},"end":{"line":147,"column":5}},"type":"if","locations":[{"start":{"line":105,"column":11},"end":{"line":147,"column":5}},{"start":{"line":105,"column":11},"end":{"line":147,"column":5}}],"line":105},"9":{"loc":{"start":{"line":114,"column":7},"end":{"line":117,"column":50}},"type":"binary-expr","locations":[{"start":{"line":114,"column":7},"end":{"line":114,"column":36}},{"start":{"line":115,"column":7},"end":{"line":115,"column":56}},{"start":{"line":116,"column":7},"end":{"line":116,"column":35}},{"start":{"line":117,"column":7},"end":{"line":117,"column":50}}],"line":114},"10":{"loc":{"start":{"line":155,"column":2},"end":{"line":187,"column":3}},"type":"if","locations":[{"start":{"line":155,"column":2},"end":{"line":187,"column":3}},{"start":{"line":155,"column":2},"end":{"line":187,"column":3}}],"line":155},"11":{"loc":{"start":{"line":155,"column":6},"end":{"line":155,"column":65}},"type":"binary-expr","locations":[{"start":{"line":155,"column":6},"end":{"line":155,"column":29}},{"start":{"line":155,"column":33},"end":{"line":155,"column":65}}],"line":155},"12":{"loc":{"start":{"line":167,"column":3},"end":{"line":186,"column":4}},"type":"if","locations":[{"start":{"line":167,"column":3},"end":{"line":186,"column":4}},{"start":{"line":167,"column":3},"end":{"line":186,"column":4}}],"line":167},"13":{"loc":{"start":{"line":219,"column":1},"end":{"line":221,"column":2}},"type":"if","locations":[{"start":{"line":219,"column":1},"end":{"line":221,"column":2}},{"start":{"line":219,"column":1},"end":{"line":221,"column":2}}],"line":219},"14":{"loc":{"start":{"line":219,"column":5},"end":{"line":219,"column":40}},"type":"binary-expr","locations":[{"start":{"line":219,"column":5},"end":{"line":219,"column":13}},{"start":{"line":219,"column":17},"end":{"line":219,"column":40}}],"line":219},"15":{"loc":{"start":{"line":229,"column":1},"end":{"line":253,"column":2}},"type":"if","locations":[{"start":{"line":229,"column":1},"end":{"line":253,"column":2}},{"start":{"line":229,"column":1},"end":{"line":253,"column":2}}],"line":229},"16":{"loc":{"start":{"line":260,"column":1},"end":{"line":274,"column":2}},"type":"if","locations":[{"start":{"line":260,"column":1},"end":{"line":274,"column":2}},{"start":{"line":260,"column":1},"end":{"line":274,"column":2}}],"line":260},"17":{"loc":{"start":{"line":268,"column":8},"end":{"line":274,"column":2}},"type":"if","locations":[{"start":{"line":268,"column":8},"end":{"line":274,"column":2}},{"start":{"line":268,"column":8},"end":{"line":274,"column":2}}],"line":268},"18":{"loc":{"start":{"line":270,"column":8},"end":{"line":274,"column":2}},"type":"if","locations":[{"start":{"line":270,"column":8},"end":{"line":274,"column":2}},{"start":{"line":270,"column":8},"end":{"line":274,"column":2}}],"line":270},"19":{"loc":{"start":{"line":310,"column":1},"end":{"line":370,"column":2}},"type":"if","locations":[{"start":{"line":310,"column":1},"end":{"line":370,"column":2}},{"start":{"line":310,"column":1},"end":{"line":370,"column":2}}],"line":310},"20":{"loc":{"start":{"line":319,"column":11},"end":{"line":319,"column":59}},"type":"binary-expr","locations":[{"start":{"line":319,"column":11},"end":{"line":319,"column":34}},{"start":{"line":319,"column":38},"end":{"line":319,"column":59}}],"line":319},"21":{"loc":{"start":{"line":337,"column":13},"end":{"line":341,"column":10}},"type":"cond-expr","locations":[{"start":{"line":338,"column":9},"end":{"line":338,"column":10}},{"start":{"line":339,"column":9},"end":{"line":341,"column":10}}],"line":337},"22":{"loc":{"start":{"line":339,"column":9},"end":{"line":341,"column":10}},"type":"cond-expr","locations":[{"start":{"line":340,"column":9},"end":{"line":340,"column":11}},{"start":{"line":341,"column":9},"end":{"line":341,"column":10}}],"line":339},"23":{"loc":{"start":{"line":356,"column":4},"end":{"line":367,"column":5}},"type":"if","locations":[{"start":{"line":356,"column":4},"end":{"line":367,"column":5}},{"start":{"line":356,"column":4},"end":{"line":367,"column":5}}],"line":356},"24":{"loc":{"start":{"line":390,"column":2},"end":{"line":392,"column":3}},"type":"if","locations":[{"start":{"line":390,"column":2},"end":{"line":392,"column":3}},{"start":{"line":390,"column":2},"end":{"line":392,"column":3}}],"line":390},"25":{"loc":{"start":{"line":404,"column":2},"end":{"line":408,"column":3}},"type":"if","locations":[{"start":{"line":404,"column":2},"end":{"line":408,"column":3}},{"start":{"line":404,"column":2},"end":{"line":408,"column":3}}],"line":404}},"s":{"0":1,"1":1,"2":1,"3":1,"4":1,"5":1,"6":1,"7":1,"8":1,"9":1,"10":1,"11":1,"12":0,"13":0,"14":0,"15":0,"16":0,"17":0,"18":0,"19":0,"20":0,"21":0,"22":0,"23":0,"24":0,"25":0,"26":0,"27":0,"28":0,"29":0,"30":0,"31":0,"32":0,"33":0,"34":0,"35":0,"36":0,"37":0,"38":0,"39":0,"40":0,"41":0,"42":0,"43":0,"44":0,"45":0,"46":0,"47":0,"48":0,"49":0,"50":0,"51":0,"52":0,"53":0,"54":0,"55":0,"56":0,"57":0,"58":0,"59":0,"60":0,"61":0,"62":0,"63":0,"64":0,"65":0,"66":0,"67":0,"68":0,"69":0,"70":0,"71":0,"72":0,"73":0,"74":0,"75":0,"76":0,"77":0,"78":0,"79":0,"80":0,"81":0,"82":0,"83":0,"84":0,"85":0,"86":0,"87":0,"88":0,"89":0,"90":0,"91":0,"92":0,"93":0,"94":0,"95":0,"96":0,"97":0,"98":0,"99":0,"100":0,"101":0,"102":0,"103":0,"104":0,"105":0,"106":0,"107":0,"108":0,"109":0,"110":0,"111":0,"112":0,"113":0,"114":0,"115":0,"116":0,"117":0,"118":0,"119":0,"120":0,"121":0,"122":0,"123":0,"124":0,"125":0,"126":0,"127":0,"128":0,"129":0,"130":0,"131":0,"132":0,"133":0,"134":0,"135":0,"136":0,"137":0,"138":0,"139":0,"140":0,"141":0,"142":0,"143":0,"144":0,"145":0,"146":1},"f":{"0":0,"1":0,"2":0,"3":0,"4":0,"5":0,"6":0,"7":0,"8":0,"9":0,"10":0,"11":0,"12":0,"13":0,"14":0,"15":0,"16":0,"17":0,"18":0,"19":0,"20":0,"21":0,"22":0,"23":0,"24":0,"25":0,"26":0,"27":0,"28":0,"29":0},"b":{"0":[0,0],"1":[0,0],"2":[0,0],"3":[0,0],"4":[0,0],"5":[0,0],"6":[0,0],"7":[0,0],"8":[0,0],"9":[0,0,0,0],"10":[0,0],"11":[0,0],"12":[0,0],"13":[0,0],"14":[0,0],"15":[0,0],"16":[0,0],"17":[0,0],"18":[0,0],"19":[0,0],"20":[0,0],"21":[0,0],"22":[0,0],"23":[0,0],"24":[0,0],"25":[0,0]},"_coverageSchema":"1a1c01bbd47fc00a2c39e90264f33305004495a9","hash":"5b1bfc455d10d9e8924be925941c5a8e28a34505","contentHash":"7acdf2df34a8f86ef2420197d50b9d7db59d8a41eb7225dca71088a563cdaeb1"},"C:\\Users\\micha\\Documents\\TFE\\OMG-GH\\omg-server\\models\\modelGlucoseData.js":{"path":"C:\\Users\\micha\\Documents\\TFE\\OMG-GH\\omg-server\\models\\modelGlucoseData.js","statementMap":{"0":{"start":{"line":5,"column":12},"end":{"line":5,"column":39}},"1":{"start":{"line":6,"column":18},"end":{"line":6,"column":31}},"2":{"start":{"line":6,"column":45},"end":{"line":6,"column":58}},"3":{"start":{"line":6,"column":72},"end":{"line":6,"column":85}},"4":{"start":{"line":7,"column":13},"end":{"line":7,"column":35}},"5":{"start":{"line":7,"column":43},"end":{"line":7,"column":64}},"6":{"start":{"line":9,"column":20},"end":{"line":45,"column":2}},"7":{"start":{"line":47,"column":0},"end":{"line":47,"column":29}}},"fnMap":{},"branchMap":{},"s":{"0":1,"1":1,"2":1,"3":1,"4":1,"5":1,"6":1,"7":1},"f":{},"b":{},"_coverageSchema":"1a1c01bbd47fc00a2c39e90264f33305004495a9","hash":"29492ed4b9d4f51d7ae6eb01043bce84dbfcff5d","contentHash":"5b40789c65adf6d809715a142e082eba5f0b28dc0875ce5a41f0e493f1a48ecb"},"C:\\Users\\micha\\Documents\\TFE\\OMG-GH\\omg-server\\models\\modelTag.js":{"path":"C:\\Users\\micha\\Documents\\TFE\\OMG-GH\\omg-server\\models\\modelTag.js","statementMap":{"0":{"start":{"line":5,"column":12},"end":{"line":5,"column":39}},"1":{"start":{"line":6,"column":18},"end":{"line":6,"column":31}},"2":{"start":{"line":6,"column":41},"end":{"line":6,"column":50}},"3":{"start":{"line":6,"column":64},"end":{"line":6,"column":77}},"4":{"start":{"line":6,"column":91},"end":{"line":6,"column":104}},"5":{"start":{"line":7,"column":13},"end":{"line":7,"column":35}},"6":{"start":{"line":9,"column":12},"end":{"line":45,"column":2}},"7":{"start":{"line":47,"column":0},"end":{"line":47,"column":21}}},"fnMap":{},"branchMap":{},"s":{"0":1,"1":1,"2":1,"3":1,"4":1,"5":1,"6":1,"7":1},"f":{},"b":{},"_coverageSchema":"1a1c01bbd47fc00a2c39e90264f33305004495a9","hash":"e72c3bcab017e2279cb10b7806a6ed4c08edc963","contentHash":"5b35830e7329e1b9820c21b8798db46e44151a9ee948e59c0ac97c9b683cc6f1"},"C:\\Users\\micha\\Documents\\TFE\\OMG-GH\\omg-server\\models\\modelDetectionRanges.js":{"path":"C:\\Users\\micha\\Documents\\TFE\\OMG-GH\\omg-server\\models\\modelDetectionRanges.js","statementMap":{"0":{"start":{"line":5,"column":12},"end":{"line":5,"column":39}},"1":{"start":{"line":6,"column":18},"end":{"line":6,"column":31}},"2":{"start":{"line":6,"column":41},"end":{"line":6,"column":50}},"3":{"start":{"line":6,"column":64},"end":{"line":6,"column":77}},"4":{"start":{"line":6,"column":91},"end":{"line":6,"column":104}},"5":{"start":{"line":7,"column":13},"end":{"line":7,"column":35}},"6":{"start":{"line":9,"column":24},"end":{"line":43,"column":2}},"7":{"start":{"line":45,"column":0},"end":{"line":45,"column":33}}},"fnMap":{},"branchMap":{},"s":{"0":1,"1":1,"2":1,"3":1,"4":1,"5":1,"6":1,"7":1},"f":{},"b":{},"_coverageSchema":"1a1c01bbd47fc00a2c39e90264f33305004495a9","hash":"9618b9207fd40b1966e5d43a7f322c78efabbe24","contentHash":"9c5debde1faf974549ca759260b85b2634b70904f6033c4c5541f50ae37349f3"},"C:\\Users\\micha\\Documents\\TFE\\OMG-GH\\omg-server\\utils\\careLinkImport.js":{"path":"C:\\Users\\micha\\Documents\\TFE\\OMG-GH\\omg-server\\utils\\careLinkImport.js","statementMap":{"0":{"start":{"line":27,"column":14},"end":{"line":27,"column":30}},"1":{"start":{"line":28,"column":30},"end":{"line":28,"column":64}},"2":{"start":{"line":29,"column":20},"end":{"line":29,"column":43}},"3":{"start":{"line":30,"column":20},"end":{"line":30,"column":42}},"4":{"start":{"line":31,"column":11},"end":{"line":31,"column":24}},"5":{"start":{"line":33,"column":16},"end":{"line":33,"column":21}},"6":{"start":{"line":35,"column":35},"end":{"line":35,"column":56}},"7":{"start":{"line":36,"column":35},"end":{"line":36,"column":57}},"8":{"start":{"line":37,"column":29},"end":{"line":37,"column":33}},"9":{"start":{"line":38,"column":27},"end":{"line":38,"column":31}},"10":{"start":{"line":39,"column":40},"end":{"line":39,"column":56}},"11":{"start":{"line":40,"column":43},"end":{"line":40,"column":61}},"12":{"start":{"line":41,"column":37},"end":{"line":41,"column":38}},"13":{"start":{"line":43,"column":14},"end":{"line":43,"column":19}},"14":{"start":{"line":52,"column":1},"end":{"line":54,"column":2}},"15":{"start":{"line":53,"column":2},"end":{"line":53,"column":19}},"16":{"start":{"line":64,"column":2},"end":{"line":64,"column":43}},"17":{"start":{"line":65,"column":2},"end":{"line":65,"column":43}},"18":{"start":{"line":66,"column":2},"end":{"line":66,"column":41}},"19":{"start":{"line":67,"column":2},"end":{"line":67,"column":41}},"20":{"start":{"line":69,"column":2},"end":{"line":69,"column":26}},"21":{"start":{"line":70,"column":2},"end":{"line":70,"column":29}},"22":{"start":{"line":71,"column":2},"end":{"line":71,"column":37}},"23":{"start":{"line":72,"column":2},"end":{"line":72,"column":33}},"24":{"start":{"line":74,"column":2},"end":{"line":74,"column":30}},"25":{"start":{"line":75,"column":2},"end":{"line":75,"column":24}},"26":{"start":{"line":76,"column":2},"end":{"line":76,"column":30}},"27":{"start":{"line":77,"column":2},"end":{"line":77,"column":31}},"28":{"start":{"line":78,"column":2},"end":{"line":78,"column":31}},"29":{"start":{"line":80,"column":2},"end":{"line":80,"column":24}},"30":{"start":{"line":81,"column":2},"end":{"line":81,"column":27}},"31":{"start":{"line":84,"column":2},"end":{"line":92,"column":4}},"32":{"start":{"line":95,"column":14},"end":{"line":95,"column":41}},"33":{"start":{"line":96,"column":2},"end":{"line":96,"column":17}},"34":{"start":{"line":97,"column":2},"end":{"line":97,"column":69}},"35":{"start":{"line":104,"column":2},"end":{"line":104,"column":29}},"36":{"start":{"line":108,"column":2},"end":{"line":108,"column":31}},"37":{"start":{"line":112,"column":2},"end":{"line":112,"column":31}},"38":{"start":{"line":116,"column":2},"end":{"line":118,"column":32}},"39":{"start":{"line":124,"column":2},"end":{"line":127,"column":5}},"40":{"start":{"line":125,"column":3},"end":{"line":125,"column":69}},"41":{"start":{"line":126,"column":3},"end":{"line":126,"column":12}},"42":{"start":{"line":138,"column":15},"end":{"line":138,"column":21}},"43":{"start":{"line":139,"column":2},"end":{"line":141,"column":3}},"44":{"start":{"line":140,"column":3},"end":{"line":140,"column":28}},"45":{"start":{"line":142,"column":2},"end":{"line":144,"column":3}},"46":{"start":{"line":143,"column":3},"end":{"line":143,"column":32}},"47":{"start":{"line":145,"column":2},"end":{"line":145,"column":16}},"48":{"start":{"line":157,"column":12},"end":{"line":157,"column":56}},"49":{"start":{"line":158,"column":12},"end":{"line":158,"column":45}},"50":{"start":{"line":160,"column":2},"end":{"line":160,"column":61}},"51":{"start":{"line":171,"column":12},"end":{"line":171,"column":69}},"52":{"start":{"line":172,"column":16},"end":{"line":175,"column":3}},"53":{"start":{"line":176,"column":17},"end":{"line":179,"column":4}},"54":{"start":{"line":181,"column":2},"end":{"line":181,"column":18}},"55":{"start":{"line":195,"column":33},"end":{"line":195,"column":59}},"56":{"start":{"line":196,"column":20},"end":{"line":200,"column":16}},"57":{"start":{"line":202,"column":2},"end":{"line":202,"column":58}},"58":{"start":{"line":203,"column":2},"end":{"line":203,"column":62}},"59":{"start":{"line":206,"column":3},"end":{"line":206,"column":70}},"60":{"start":{"line":207,"column":16},"end":{"line":210,"column":3}},"61":{"start":{"line":211,"column":13},"end":{"line":219,"column":3}},"62":{"start":{"line":220,"column":17},"end":{"line":227,"column":3}},"63":{"start":{"line":229,"column":2},"end":{"line":229,"column":18}},"64":{"start":{"line":240,"column":24},"end":{"line":240,"column":50}},"65":{"start":{"line":241,"column":12},"end":{"line":245,"column":3}},"66":{"start":{"line":246,"column":18},"end":{"line":250,"column":3}},"67":{"start":{"line":251,"column":20},"end":{"line":255,"column":3}},"68":{"start":{"line":257,"column":13},"end":{"line":263,"column":3}},"69":{"start":{"line":264,"column":23},"end":{"line":264,"column":41}},"70":{"start":{"line":265,"column":2},"end":{"line":265,"column":71}},"71":{"start":{"line":267,"column":17},"end":{"line":273,"column":3}},"72":{"start":{"line":274,"column":16},"end":{"line":274,"column":70}},"73":{"start":{"line":275,"column":2},"end":{"line":281,"column":3}},"74":{"start":{"line":276,"column":3},"end":{"line":280,"column":4}},"75":{"start":{"line":277,"column":4},"end":{"line":277,"column":28}},"76":{"start":{"line":278,"column":10},"end":{"line":280,"column":4}},"77":{"start":{"line":279,"column":4},"end":{"line":279,"column":31}},"78":{"start":{"line":282,"column":2},"end":{"line":282,"column":56}},"79":{"start":{"line":283,"column":2},"end":{"line":283,"column":62}},"80":{"start":{"line":284,"column":2},"end":{"line":284,"column":18}},"81":{"start":{"line":295,"column":2},"end":{"line":295,"column":30}},"82":{"start":{"line":296,"column":12},"end":{"line":296,"column":14}},"83":{"start":{"line":297,"column":2},"end":{"line":301,"column":3}},"84":{"start":{"line":298,"column":3},"end":{"line":298,"column":14}},"85":{"start":{"line":300,"column":3},"end":{"line":300,"column":40}},"86":{"start":{"line":303,"column":16},"end":{"line":303,"column":27}},"87":{"start":{"line":304,"column":13},"end":{"line":304,"column":24}},"88":{"start":{"line":305,"column":17},"end":{"line":305,"column":21}},"89":{"start":{"line":307,"column":18},"end":{"line":307,"column":32}},"90":{"start":{"line":308,"column":17},"end":{"line":308,"column":26}},"91":{"start":{"line":310,"column":2},"end":{"line":332,"column":3}},"92":{"start":{"line":311,"column":17},"end":{"line":311,"column":35}},"93":{"start":{"line":312,"column":3},"end":{"line":312,"column":58}},"94":{"start":{"line":313,"column":3},"end":{"line":329,"column":4}},"95":{"start":{"line":314,"column":4},"end":{"line":314,"column":60}},"96":{"start":{"line":315,"column":4},"end":{"line":315,"column":64}},"97":{"start":{"line":316,"column":4},"end":{"line":319,"column":7}},"98":{"start":{"line":320,"column":4},"end":{"line":320,"column":44}},"99":{"start":{"line":322,"column":4},"end":{"line":323,"column":143}},"100":{"start":{"line":324,"column":4},"end":{"line":324,"column":66}},"101":{"start":{"line":325,"column":4},"end":{"line":327,"column":7}},"102":{"start":{"line":328,"column":4},"end":{"line":328,"column":44}},"103":{"start":{"line":330,"column":3},"end":{"line":330,"column":28}},"104":{"start":{"line":331,"column":3},"end":{"line":331,"column":30}},"105":{"start":{"line":333,"column":2},"end":{"line":333,"column":18}},"106":{"start":{"line":337,"column":2},"end":{"line":342,"column":4}},"107":{"start":{"line":346,"column":2},"end":{"line":351,"column":4}},"108":{"start":{"line":355,"column":20},"end":{"line":355,"column":64}},"109":{"start":{"line":356,"column":2},"end":{"line":361,"column":4}},"110":{"start":{"line":365,"column":2},"end":{"line":370,"column":4}},"111":{"start":{"line":374,"column":20},"end":{"line":378,"column":3}},"112":{"start":{"line":379,"column":2},"end":{"line":384,"column":4}},"113":{"start":{"line":393,"column":17},"end":{"line":397,"column":3}},"114":{"start":{"line":398,"column":2},"end":{"line":398,"column":27}},"115":{"start":{"line":399,"column":20},"end":{"line":399,"column":44}},"116":{"start":{"line":400,"column":19},"end":{"line":405,"column":3}},"117":{"start":{"line":406,"column":2},"end":{"line":408,"column":3}},"118":{"start":{"line":407,"column":3},"end":{"line":407,"column":44}},"119":{"start":{"line":409,"column":2},"end":{"line":409,"column":20}},"120":{"start":{"line":414,"column":2},"end":{"line":414,"column":11}},"121":{"start":{"line":418,"column":25},"end":{"line":418,"column":30}},"122":{"start":{"line":419,"column":2},"end":{"line":419,"column":29}},"123":{"start":{"line":420,"column":2},"end":{"line":420,"column":31}},"124":{"start":{"line":422,"column":2},"end":{"line":422,"column":36}},"125":{"start":{"line":424,"column":2},"end":{"line":424,"column":26}},"126":{"start":{"line":425,"column":2},"end":{"line":425,"column":29}},"127":{"start":{"line":426,"column":2},"end":{"line":426,"column":37}},"128":{"start":{"line":427,"column":2},"end":{"line":427,"column":33}},"129":{"start":{"line":429,"column":29},"end":{"line":429,"column":57}},"130":{"start":{"line":430,"column":2},"end":{"line":430,"column":54}},"131":{"start":{"line":431,"column":2},"end":{"line":431,"column":68}},"132":{"start":{"line":433,"column":24},"end":{"line":433,"column":64}},"133":{"start":{"line":434,"column":2},"end":{"line":434,"column":49}},"134":{"start":{"line":435,"column":2},"end":{"line":435,"column":60}},"135":{"start":{"line":437,"column":24},"end":{"line":437,"column":61}},"136":{"start":{"line":438,"column":2},"end":{"line":438,"column":49}},"137":{"start":{"line":439,"column":2},"end":{"line":439,"column":62}},"138":{"start":{"line":441,"column":2},"end":{"line":443,"column":3}},"139":{"start":{"line":442,"column":3},"end":{"line":442,"column":45}},"140":{"start":{"line":444,"column":2},"end":{"line":446,"column":3}},"141":{"start":{"line":445,"column":3},"end":{"line":445,"column":51}},"142":{"start":{"line":447,"column":2},"end":{"line":452,"column":3}},"143":{"start":{"line":448,"column":3},"end":{"line":451,"column":5}},"144":{"start":{"line":453,"column":2},"end":{"line":455,"column":3}},"145":{"start":{"line":454,"column":3},"end":{"line":454,"column":57}},"146":{"start":{"line":457,"column":2},"end":{"line":464,"column":3}},"147":{"start":{"line":463,"column":3},"end":{"line":463,"column":27}},"148":{"start":{"line":465,"column":2},"end":{"line":465,"column":30}},"149":{"start":{"line":466,"column":2},"end":{"line":466,"column":35}},"150":{"start":{"line":468,"column":2},"end":{"line":468,"column":26}},"151":{"start":{"line":472,"column":23},"end":{"line":472,"column":46}},"152":{"start":{"line":474,"column":2},"end":{"line":485,"column":3}},"153":{"start":{"line":479,"column":3},"end":{"line":481,"column":4}},"154":{"start":{"line":480,"column":4},"end":{"line":480,"column":16}},"155":{"start":{"line":482,"column":3},"end":{"line":484,"column":4}},"156":{"start":{"line":483,"column":4},"end":{"line":483,"column":16}},"157":{"start":{"line":486,"column":2},"end":{"line":486,"column":42}},"158":{"start":{"line":490,"column":13},"end":{"line":490,"column":15}},"159":{"start":{"line":491,"column":2},"end":{"line":512,"column":3}},"160":{"start":{"line":492,"column":3},"end":{"line":509,"column":4}},"161":{"start":{"line":496,"column":4},"end":{"line":500,"column":26}},"162":{"start":{"line":501,"column":4},"end":{"line":506,"column":6}},"163":{"start":{"line":508,"column":4},"end":{"line":508,"column":39}},"164":{"start":{"line":511,"column":3},"end":{"line":511,"column":15}},"165":{"start":{"line":516,"column":2},"end":{"line":518,"column":3}},"166":{"start":{"line":517,"column":3},"end":{"line":517,"column":38}},"167":{"start":{"line":519,"column":2},"end":{"line":519,"column":23}},"168":{"start":{"line":529,"column":17},"end":{"line":534,"column":2}},"169":{"start":{"line":535,"column":1},"end":{"line":535,"column":41}},"170":{"start":{"line":536,"column":18},"end":{"line":536,"column":49}},"171":{"start":{"line":538,"column":1},"end":{"line":538,"column":19}},"172":{"start":{"line":542,"column":21},"end":{"line":547,"column":2}},"173":{"start":{"line":548,"column":14},"end":{"line":548,"column":57}},"174":{"start":{"line":549,"column":1},"end":{"line":549,"column":15}},"175":{"start":{"line":552,"column":0},"end":{"line":556,"column":2}}},"fnMap":{"0":{"name":"printdgb","decl":{"start":{"line":45,"column":9},"end":{"line":45,"column":17}},"loc":{"start":{"line":45,"column":23},"end":{"line":55,"column":1}},"line":45},"1":{"name":"(anonymous_1)","decl":{"start":{"line":58,"column":1},"end":{"line":58,"column":2}},"loc":{"start":{"line":63,"column":3},"end":{"line":98,"column":2}},"line":63},"2":{"name":"(anonymous_2)","decl":{"start":{"line":103,"column":1},"end":{"line":103,"column":2}},"loc":{"start":{"line":103,"column":21},"end":{"line":105,"column":2}},"line":103},"3":{"name":"(anonymous_3)","decl":{"start":{"line":107,"column":1},"end":{"line":107,"column":2}},"loc":{"start":{"line":107,"column":23},"end":{"line":109,"column":2}},"line":107},"4":{"name":"(anonymous_4)","decl":{"start":{"line":111,"column":1},"end":{"line":111,"column":2}},"loc":{"start":{"line":111,"column":23},"end":{"line":113,"column":2}},"line":111},"5":{"name":"(anonymous_5)","decl":{"start":{"line":115,"column":1},"end":{"line":115,"column":2}},"loc":{"start":{"line":115,"column":18},"end":{"line":119,"column":2}},"line":115},"6":{"name":"(anonymous_6)","decl":{"start":{"line":123,"column":1},"end":{"line":123,"column":2}},"loc":{"start":{"line":123,"column":19},"end":{"line":128,"column":2}},"line":123},"7":{"name":"(anonymous_7)","decl":{"start":{"line":124,"column":28},"end":{"line":124,"column":29}},"loc":{"start":{"line":124,"column":35},"end":{"line":127,"column":3}},"line":124},"8":{"name":"(anonymous_8)","decl":{"start":{"line":130,"column":1},"end":{"line":130,"column":2}},"loc":{"start":{"line":130,"column":29},"end":{"line":146,"column":2}},"line":130},"9":{"name":"(anonymous_9)","decl":{"start":{"line":148,"column":1},"end":{"line":148,"column":2}},"loc":{"start":{"line":148,"column":51},"end":{"line":161,"column":2}},"line":148},"10":{"name":"(anonymous_10)","decl":{"start":{"line":163,"column":1},"end":{"line":163,"column":2}},"loc":{"start":{"line":163,"column":25},"end":{"line":182,"column":2}},"line":163},"11":{"name":"(anonymous_11)","decl":{"start":{"line":184,"column":1},"end":{"line":184,"column":2}},"loc":{"start":{"line":184,"column":37},"end":{"line":230,"column":2}},"line":184},"12":{"name":"(anonymous_12)","decl":{"start":{"line":232,"column":1},"end":{"line":232,"column":2}},"loc":{"start":{"line":232,"column":34},"end":{"line":285,"column":2}},"line":232},"13":{"name":"(anonymous_13)","decl":{"start":{"line":287,"column":1},"end":{"line":287,"column":2}},"loc":{"start":{"line":287,"column":53},"end":{"line":334,"column":2}},"line":287},"14":{"name":"(anonymous_14)","decl":{"start":{"line":336,"column":1},"end":{"line":336,"column":2}},"loc":{"start":{"line":336,"column":19},"end":{"line":343,"column":2}},"line":336},"15":{"name":"(anonymous_15)","decl":{"start":{"line":345,"column":1},"end":{"line":345,"column":2}},"loc":{"start":{"line":345,"column":22},"end":{"line":352,"column":2}},"line":345},"16":{"name":"(anonymous_16)","decl":{"start":{"line":354,"column":1},"end":{"line":354,"column":2}},"loc":{"start":{"line":354,"column":45},"end":{"line":362,"column":2}},"line":354},"17":{"name":"(anonymous_17)","decl":{"start":{"line":364,"column":1},"end":{"line":364,"column":2}},"loc":{"start":{"line":364,"column":24},"end":{"line":371,"column":2}},"line":364},"18":{"name":"(anonymous_18)","decl":{"start":{"line":373,"column":1},"end":{"line":373,"column":2}},"loc":{"start":{"line":373,"column":24},"end":{"line":385,"column":2}},"line":373},"19":{"name":"(anonymous_19)","decl":{"start":{"line":387,"column":1},"end":{"line":387,"column":2}},"loc":{"start":{"line":392,"column":3},"end":{"line":410,"column":2}},"line":392},"20":{"name":"(anonymous_20)","decl":{"start":{"line":412,"column":1},"end":{"line":412,"column":2}},"loc":{"start":{"line":412,"column":37},"end":{"line":415,"column":2}},"line":412},"21":{"name":"(anonymous_21)","decl":{"start":{"line":417,"column":1},"end":{"line":417,"column":2}},"loc":{"start":{"line":417,"column":31},"end":{"line":469,"column":2}},"line":417},"22":{"name":"(anonymous_22)","decl":{"start":{"line":471,"column":1},"end":{"line":471,"column":2}},"loc":{"start":{"line":471,"column":31},"end":{"line":487,"column":2}},"line":471},"23":{"name":"(anonymous_23)","decl":{"start":{"line":489,"column":1},"end":{"line":489,"column":2}},"loc":{"start":{"line":489,"column":23},"end":{"line":513,"column":2}},"line":489},"24":{"name":"(anonymous_24)","decl":{"start":{"line":515,"column":1},"end":{"line":515,"column":2}},"loc":{"start":{"line":515,"column":15},"end":{"line":520,"column":2}},"line":515},"25":{"name":"getLast24DataObject","decl":{"start":{"line":523,"column":15},"end":{"line":523,"column":34}},"loc":{"start":{"line":528,"column":2},"end":{"line":539,"column":1}},"line":528},"26":{"name":"testCredential","decl":{"start":{"line":541,"column":15},"end":{"line":541,"column":29}},"loc":{"start":{"line":541,"column":76},"end":{"line":550,"column":1}},"line":541}},"branchMap":{"0":{"loc":{"start":{"line":52,"column":1},"end":{"line":54,"column":2}},"type":"if","locations":[{"start":{"line":52,"column":1},"end":{"line":54,"column":2}},{"start":{"line":52,"column":1},"end":{"line":54,"column":2}}],"line":52},"1":{"loc":{"start":{"line":116,"column":9},"end":{"line":118,"column":31}},"type":"cond-expr","locations":[{"start":{"line":117,"column":5},"end":{"line":117,"column":31}},{"start":{"line":118,"column":5},"end":{"line":118,"column":31}}],"line":116},"2":{"loc":{"start":{"line":139,"column":2},"end":{"line":141,"column":3}},"type":"if","locations":[{"start":{"line":139,"column":2},"end":{"line":141,"column":3}},{"start":{"line":139,"column":2},"end":{"line":141,"column":3}}],"line":139},"3":{"loc":{"start":{"line":142,"column":2},"end":{"line":144,"column":3}},"type":"if","locations":[{"start":{"line":142,"column":2},"end":{"line":144,"column":3}},{"start":{"line":142,"column":2},"end":{"line":144,"column":3}}],"line":142},"4":{"loc":{"start":{"line":276,"column":3},"end":{"line":280,"column":4}},"type":"if","locations":[{"start":{"line":276,"column":3},"end":{"line":280,"column":4}},{"start":{"line":276,"column":3},"end":{"line":280,"column":4}}],"line":276},"5":{"loc":{"start":{"line":278,"column":10},"end":{"line":280,"column":4}},"type":"if","locations":[{"start":{"line":278,"column":10},"end":{"line":280,"column":4}},{"start":{"line":278,"column":10},"end":{"line":280,"column":4}}],"line":278},"6":{"loc":{"start":{"line":297,"column":2},"end":{"line":301,"column":3}},"type":"if","locations":[{"start":{"line":297,"column":2},"end":{"line":301,"column":3}},{"start":{"line":297,"column":2},"end":{"line":301,"column":3}}],"line":297},"7":{"loc":{"start":{"line":310,"column":2},"end":{"line":332,"column":3}},"type":"if","locations":[{"start":{"line":310,"column":2},"end":{"line":332,"column":3}},{"start":{"line":310,"column":2},"end":{"line":332,"column":3}}],"line":310},"8":{"loc":{"start":{"line":313,"column":3},"end":{"line":329,"column":4}},"type":"if","locations":[{"start":{"line":313,"column":3},"end":{"line":329,"column":4}},{"start":{"line":313,"column":3},"end":{"line":329,"column":4}}],"line":313},"9":{"loc":{"start":{"line":406,"column":2},"end":{"line":408,"column":3}},"type":"if","locations":[{"start":{"line":406,"column":2},"end":{"line":408,"column":3}},{"start":{"line":406,"column":2},"end":{"line":408,"column":3}}],"line":406},"10":{"loc":{"start":{"line":441,"column":2},"end":{"line":443,"column":3}},"type":"if","locations":[{"start":{"line":441,"column":2},"end":{"line":443,"column":3}},{"start":{"line":441,"column":2},"end":{"line":443,"column":3}}],"line":441},"11":{"loc":{"start":{"line":444,"column":2},"end":{"line":446,"column":3}},"type":"if","locations":[{"start":{"line":444,"column":2},"end":{"line":446,"column":3}},{"start":{"line":444,"column":2},"end":{"line":446,"column":3}}],"line":444},"12":{"loc":{"start":{"line":447,"column":2},"end":{"line":452,"column":3}},"type":"if","locations":[{"start":{"line":447,"column":2},"end":{"line":452,"column":3}},{"start":{"line":447,"column":2},"end":{"line":452,"column":3}}],"line":447},"13":{"loc":{"start":{"line":453,"column":2},"end":{"line":455,"column":3}},"type":"if","locations":[{"start":{"line":453,"column":2},"end":{"line":455,"column":3}},{"start":{"line":453,"column":2},"end":{"line":455,"column":3}}],"line":453},"14":{"loc":{"start":{"line":457,"column":2},"end":{"line":464,"column":3}},"type":"if","locations":[{"start":{"line":457,"column":2},"end":{"line":464,"column":3}},{"start":{"line":457,"column":2},"end":{"line":464,"column":3}}],"line":457},"15":{"loc":{"start":{"line":458,"column":3},"end":{"line":461,"column":34}},"type":"binary-expr","locations":[{"start":{"line":458,"column":3},"end":{"line":458,"column":27}},{"start":{"line":459,"column":3},"end":{"line":459,"column":30}},{"start":{"line":460,"column":3},"end":{"line":460,"column":38}},{"start":{"line":461,"column":3},"end":{"line":461,"column":34}}],"line":458},"16":{"loc":{"start":{"line":474,"column":2},"end":{"line":485,"column":3}},"type":"if","locations":[{"start":{"line":474,"column":2},"end":{"line":485,"column":3}},{"start":{"line":474,"column":2},"end":{"line":485,"column":3}}],"line":474},"17":{"loc":{"start":{"line":475,"column":3},"end":{"line":477,"column":38}},"type":"binary-expr","locations":[{"start":{"line":475,"column":3},"end":{"line":475,"column":18}},{"start":{"line":476,"column":3},"end":{"line":476,"column":21}},{"start":{"line":477,"column":3},"end":{"line":477,"column":38}}],"line":475},"18":{"loc":{"start":{"line":479,"column":3},"end":{"line":481,"column":4}},"type":"if","locations":[{"start":{"line":479,"column":3},"end":{"line":481,"column":4}},{"start":{"line":479,"column":3},"end":{"line":481,"column":4}}],"line":479},"19":{"loc":{"start":{"line":482,"column":3},"end":{"line":484,"column":4}},"type":"if","locations":[{"start":{"line":482,"column":3},"end":{"line":484,"column":4}},{"start":{"line":482,"column":3},"end":{"line":484,"column":4}}],"line":482},"20":{"loc":{"start":{"line":491,"column":2},"end":{"line":512,"column":3}},"type":"if","locations":[{"start":{"line":491,"column":2},"end":{"line":512,"column":3}},{"start":{"line":491,"column":2},"end":{"line":512,"column":3}}],"line":491},"21":{"loc":{"start":{"line":492,"column":3},"end":{"line":509,"column":4}},"type":"if","locations":[{"start":{"line":492,"column":3},"end":{"line":509,"column":4}},{"start":{"line":492,"column":3},"end":{"line":509,"column":4}}],"line":492},"22":{"loc":{"start":{"line":493,"column":4},"end":{"line":494,"column":56}},"type":"binary-expr","locations":[{"start":{"line":493,"column":4},"end":{"line":493,"column":32}},{"start":{"line":494,"column":4},"end":{"line":494,"column":56}}],"line":493},"23":{"loc":{"start":{"line":496,"column":4},"end":{"line":500,"column":25}},"type":"cond-expr","locations":[{"start":{"line":499,"column":8},"end":{"line":499,"column":28}},{"start":{"line":500,"column":8},"end":{"line":500,"column":24}}],"line":496},"24":{"loc":{"start":{"line":516,"column":2},"end":{"line":518,"column":3}},"type":"if","locations":[{"start":{"line":516,"column":2},"end":{"line":518,"column":3}},{"start":{"line":516,"column":2},"end":{"line":518,"column":3}}],"line":516}},"s":{"0":1,"1":1,"2":1,"3":1,"4":1,"5":1,"6":1,"7":1,"8":1,"9":1,"10":1,"11":1,"12":1,"13":1,"14":0,"15":0,"16":0,"17":0,"18":0,"19":0,"20":0,"21":0,"22":0,"23":0,"24":0,"25":0,"26":0,"27":0,"28":0,"29":0,"30":0,"31":0,"32":0,"33":0,"34":0,"35":0,"36":0,"37":0,"38":0,"39":0,"40":0,"41":0,"42":0,"43":0,"44":0,"45":0,"46":0,"47":0,"48":0,"49":0,"50":0,"51":0,"52":0,"53":0,"54":0,"55":0,"56":0,"57":0,"58":0,"59":0,"60":0,"61":0,"62":0,"63":0,"64":0,"65":0,"66":0,"67":0,"68":0,"69":0,"70":0,"71":0,"72":0,"73":0,"74":0,"75":0,"76":0,"77":0,"78":0,"79":0,"80":0,"81":0,"82":0,"83":0,"84":0,"85":0,"86":0,"87":0,"88":0,"89":0,"90":0,"91":0,"92":0,"93":0,"94":0,"95":0,"96":0,"97":0,"98":0,"99":0,"100":0,"101":0,"102":0,"103":0,"104":0,"105":0,"106":0,"107":0,"108":0,"109":0,"110":0,"111":0,"112":0,"113":0,"114":0,"115":0,"116":0,"117":0,"118":0,"119":0,"120":0,"121":0,"122":0,"123":0,"124":0,"125":0,"126":0,"127":0,"128":0,"129":0,"130":0,"131":0,"132":0,"133":0,"134":0,"135":0,"136":0,"137":0,"138":0,"139":0,"140":0,"141":0,"142":0,"143":0,"144":0,"145":0,"146":0,"147":0,"148":0,"149":0,"150":0,"151":0,"152":0,"153":0,"154":0,"155":0,"156":0,"157":0,"158":0,"159":0,"160":0,"161":0,"162":0,"163":0,"164":0,"165":0,"166":0,"167":0,"168":0,"169":0,"170":0,"171":0,"172":0,"173":0,"174":0,"175":1},"f":{"0":0,"1":0,"2":0,"3":0,"4":0,"5":0,"6":0,"7":0,"8":0,"9":0,"10":0,"11":0,"12":0,"13":0,"14":0,"15":0,"16":0,"17":0,"18":0,"19":0,"20":0,"21":0,"22":0,"23":0,"24":0,"25":0,"26":0},"b":{"0":[0,0],"1":[0,0],"2":[0,0],"3":[0,0],"4":[0,0],"5":[0,0],"6":[0,0],"7":[0,0],"8":[0,0],"9":[0,0],"10":[0,0],"11":[0,0],"12":[0,0],"13":[0,0],"14":[0,0],"15":[0,0,0,0],"16":[0,0],"17":[0,0,0],"18":[0,0],"19":[0,0],"20":[0,0],"21":[0,0],"22":[0,0],"23":[0,0],"24":[0,0]},"_coverageSchema":"1a1c01bbd47fc00a2c39e90264f33305004495a9","hash":"f4ae38f407e50bed2405cb558e53d48575ad88fc","contentHash":"d12adf2280d8dcefde634933bdb9152e0a793fd1c42ea5c83ef3d9c805832e5e"},"C:\\Users\\micha\\Documents\\TFE\\OMG-GH\\omg-server\\utils\\dateUtils.js":{"path":"C:\\Users\\micha\\Documents\\TFE\\OMG-GH\\omg-server\\utils\\dateUtils.js","statementMap":{"0":{"start":{"line":1,"column":11},"end":{"line":1,"column":45}},"1":{"start":{"line":2,"column":15},"end":{"line":2,"column":41}},"2":{"start":{"line":6,"column":1},"end":{"line":6,"column":52}},"3":{"start":{"line":11,"column":14},"end":{"line":11,"column":52}},"4":{"start":{"line":12,"column":17},"end":{"line":12,"column":30}},"5":{"start":{"line":13,"column":1},"end":{"line":13,"column":18}},"6":{"start":{"line":19,"column":16},"end":{"line":19,"column":50}},"7":{"start":{"line":20,"column":14},"end":{"line":20,"column":15}},"8":{"start":{"line":21,"column":1},"end":{"line":25,"column":2}},"9":{"start":{"line":22,"column":2},"end":{"line":22,"column":41}},"10":{"start":{"line":24,"column":2},"end":{"line":24,"column":41}},"11":{"start":{"line":26,"column":17},"end":{"line":26,"column":30}},"12":{"start":{"line":27,"column":1},"end":{"line":27,"column":18}},"13":{"start":{"line":32,"column":17},"end":{"line":32,"column":41}},"14":{"start":{"line":33,"column":17},"end":{"line":33,"column":60}},"15":{"start":{"line":34,"column":14},"end":{"line":34,"column":28}},"16":{"start":{"line":35,"column":1},"end":{"line":35,"column":27}},"17":{"start":{"line":36,"column":1},"end":{"line":36,"column":29}},"18":{"start":{"line":41,"column":1},"end":{"line":43,"column":2}},"19":{"start":{"line":42,"column":2},"end":{"line":42,"column":25}},"20":{"start":{"line":44,"column":19},"end":{"line":44,"column":65}},"21":{"start":{"line":45,"column":19},"end":{"line":45,"column":20}},"22":{"start":{"line":46,"column":1},"end":{"line":52,"column":2}},"23":{"start":{"line":47,"column":2},"end":{"line":51,"column":3}},"24":{"start":{"line":48,"column":3},"end":{"line":48,"column":32}},"25":{"start":{"line":50,"column":3},"end":{"line":50,"column":22}},"26":{"start":{"line":53,"column":1},"end":{"line":53,"column":20}},"27":{"start":{"line":58,"column":15},"end":{"line":58,"column":32}},"28":{"start":{"line":59,"column":15},"end":{"line":59,"column":35}},"29":{"start":{"line":60,"column":18},"end":{"line":60,"column":42}},"30":{"start":{"line":61,"column":1},"end":{"line":61,"column":32}},"31":{"start":{"line":62,"column":1},"end":{"line":62,"column":23}},"32":{"start":{"line":63,"column":1},"end":{"line":63,"column":30}},"33":{"start":{"line":66,"column":0},"end":{"line":73,"column":2}}},"fnMap":{"0":{"name":"hasDST","decl":{"start":{"line":5,"column":9},"end":{"line":5,"column":15}},"loc":{"start":{"line":5,"column":41},"end":{"line":7,"column":1}},"line":5},"1":{"name":"normalizedUTC","decl":{"start":{"line":9,"column":9},"end":{"line":9,"column":22}},"loc":{"start":{"line":9,"column":29},"end":{"line":14,"column":1}},"line":9},"2":{"name":"normalizeUTCWithCountry","decl":{"start":{"line":16,"column":9},"end":{"line":16,"column":32}},"loc":{"start":{"line":16,"column":48},"end":{"line":28,"column":1}},"line":16},"3":{"name":"toNormalizedUTCISOStringWithCountry","decl":{"start":{"line":30,"column":9},"end":{"line":30,"column":44}},"loc":{"start":{"line":30,"column":60},"end":{"line":37,"column":1}},"line":30},"4":{"name":"roundTo5Minutes","decl":{"start":{"line":39,"column":9},"end":{"line":39,"column":24}},"loc":{"start":{"line":39,"column":42},"end":{"line":54,"column":1}},"line":39},"5":{"name":"ISOTo5Minutes","decl":{"start":{"line":56,"column":9},"end":{"line":56,"column":22}},"loc":{"start":{"line":56,"column":32},"end":{"line":64,"column":1}},"line":56}},"branchMap":{"0":{"loc":{"start":{"line":5,"column":16},"end":{"line":5,"column":33}},"type":"default-arg","locations":[{"start":{"line":5,"column":23},"end":{"line":5,"column":33}}],"line":5},"1":{"loc":{"start":{"line":21,"column":1},"end":{"line":25,"column":2}},"type":"if","locations":[{"start":{"line":21,"column":1},"end":{"line":25,"column":2}},{"start":{"line":21,"column":1},"end":{"line":25,"column":2}}],"line":21},"2":{"loc":{"start":{"line":41,"column":1},"end":{"line":43,"column":2}},"type":"if","locations":[{"start":{"line":41,"column":1},"end":{"line":43,"column":2}},{"start":{"line":41,"column":1},"end":{"line":43,"column":2}}],"line":41},"3":{"loc":{"start":{"line":47,"column":2},"end":{"line":51,"column":3}},"type":"if","locations":[{"start":{"line":47,"column":2},"end":{"line":51,"column":3}},{"start":{"line":47,"column":2},"end":{"line":51,"column":3}}],"line":47}},"s":{"0":1,"1":1,"2":0,"3":0,"4":0,"5":0,"6":0,"7":0,"8":0,"9":0,"10":0,"11":0,"12":0,"13":0,"14":0,"15":0,"16":0,"17":0,"18":0,"19":0,"20":0,"21":0,"22":0,"23":0,"24":0,"25":0,"26":0,"27":0,"28":0,"29":0,"30":0,"31":0,"32":0,"33":1},"f":{"0":0,"1":0,"2":0,"3":0,"4":0,"5":0},"b":{"0":[0],"1":[0,0],"2":[0,0],"3":[0,0]},"_coverageSchema":"1a1c01bbd47fc00a2c39e90264f33305004495a9","hash":"98baa82855ed79ffc0f42c641d8f41f5d9a0762e","contentHash":"14d2be4842224e75437717f182e9be31157d6d10cd98c1493a0878458cddef5c"},"C:\\Users\\micha\\Documents\\TFE\\OMG-GH\\omg-server\\config\\passport.js":{"path":"C:\\Users\\micha\\Documents\\TFE\\OMG-GH\\omg-server\\config\\passport.js","statementMap":{"0":{"start":{"line":4,"column":17},"end":{"line":4,"column":36}},"1":{"start":{"line":5,"column":22},"end":{"line":5,"column":56}},"2":{"start":{"line":6,"column":13},"end":{"line":6,"column":43}},"3":{"start":{"line":7,"column":15},"end":{"line":7,"column":32}},"4":{"start":{"line":8,"column":20},"end":{"line":8,"column":43}},"5":{"start":{"line":9,"column":20},"end":{"line":9,"column":40}},"6":{"start":{"line":10,"column":19},"end":{"line":10,"column":41}},"7":{"start":{"line":12,"column":0},"end":{"line":14,"column":3}},"8":{"start":{"line":13,"column":4},"end":{"line":13,"column":21}},"9":{"start":{"line":16,"column":0},"end":{"line":18,"column":3}},"10":{"start":{"line":17,"column":4},"end":{"line":17,"column":21}},"11":{"start":{"line":25,"column":0},"end":{"line":44,"column":3}},"12":{"start":{"line":30,"column":19},"end":{"line":34,"column":10}},"13":{"start":{"line":35,"column":8},"end":{"line":37,"column":9}},"14":{"start":{"line":36,"column":12},"end":{"line":36,"column":37}},"15":{"start":{"line":38,"column":30},"end":{"line":38,"column":108}},"16":{"start":{"line":39,"column":8},"end":{"line":41,"column":9}},"17":{"start":{"line":40,"column":12},"end":{"line":40,"column":37}},"18":{"start":{"line":42,"column":8},"end":{"line":42,"column":32}},"19":{"start":{"line":51,"column":0},"end":{"line":62,"column":3}},"20":{"start":{"line":56,"column":8},"end":{"line":60,"column":9}},"21":{"start":{"line":57,"column":12},"end":{"line":57,"column":42}},"22":{"start":{"line":59,"column":12},"end":{"line":59,"column":31}},"23":{"start":{"line":64,"column":0},"end":{"line":64,"column":26}}},"fnMap":{"0":{"name":"(anonymous_0)","decl":{"start":{"line":12,"column":23},"end":{"line":12,"column":24}},"loc":{"start":{"line":12,"column":45},"end":{"line":14,"column":1}},"line":12},"1":{"name":"(anonymous_1)","decl":{"start":{"line":16,"column":25},"end":{"line":16,"column":26}},"loc":{"start":{"line":16,"column":47},"end":{"line":18,"column":1}},"line":16},"2":{"name":"(anonymous_2)","decl":{"start":{"line":29,"column":4},"end":{"line":29,"column":5}},"loc":{"start":{"line":29,"column":43},"end":{"line":43,"column":5}},"line":29},"3":{"name":"(anonymous_3)","decl":{"start":{"line":55,"column":4},"end":{"line":55,"column":5}},"loc":{"start":{"line":55,"column":32},"end":{"line":61,"column":5}},"line":55}},"branchMap":{"0":{"loc":{"start":{"line":35,"column":8},"end":{"line":37,"column":9}},"type":"if","locations":[{"start":{"line":35,"column":8},"end":{"line":37,"column":9}},{"start":{"line":35,"column":8},"end":{"line":37,"column":9}}],"line":35},"1":{"loc":{"start":{"line":39,"column":8},"end":{"line":41,"column":9}},"type":"if","locations":[{"start":{"line":39,"column":8},"end":{"line":41,"column":9}},{"start":{"line":39,"column":8},"end":{"line":41,"column":9}}],"line":39}},"s":{"0":1,"1":1,"2":1,"3":1,"4":1,"5":1,"6":1,"7":1,"8":0,"9":1,"10":0,"11":1,"12":9,"13":9,"14":2,"15":7,"16":7,"17":1,"18":6,"19":1,"20":63,"21":63,"22":0,"23":1},"f":{"0":0,"1":0,"2":9,"3":63},"b":{"0":[2,7],"1":[1,6]},"_coverageSchema":"1a1c01bbd47fc00a2c39e90264f33305004495a9","hash":"f752440ec90303c50ce865b7e724166cac7eb0d8","contentHash":"10e655aa40f020384688fdc3b172e73a17667f58b0d64dd0a13def087eb3a86a"},"C:\\Users\\micha\\Documents\\TFE\\OMG-GH\\omg-server\\routes\\routeUser.js":{"path":"C:\\Users\\micha\\Documents\\TFE\\OMG-GH\\omg-server\\routes\\routeUser.js","statementMap":{"0":{"start":{"line":1,"column":16},"end":{"line":1,"column":34}},"1":{"start":{"line":2,"column":15},"end":{"line":2,"column":31}},"2":{"start":{"line":3,"column":16},"end":{"line":3,"column":49}},"3":{"start":{"line":6,"column":0},"end":{"line":6,"column":43}},"4":{"start":{"line":9,"column":0},"end":{"line":9,"column":43}},"5":{"start":{"line":12,"column":0},"end":{"line":12,"column":38}},"6":{"start":{"line":14,"column":0},"end":{"line":14,"column":24}}},"fnMap":{},"branchMap":{},"s":{"0":1,"1":1,"2":1,"3":1,"4":1,"5":1,"6":1},"f":{},"b":{},"_coverageSchema":"1a1c01bbd47fc00a2c39e90264f33305004495a9","hash":"12a1a1d30a4afa6dfb44c374a69704f3ea1e5905","contentHash":"952578c077486a6bb299e23610cef6859989341f4d5da8c464fee4c4d7b75199"},"C:\\Users\\micha\\Documents\\TFE\\OMG-GH\\omg-server\\controllers\\ctrUser.js":{"path":"C:\\Users\\micha\\Documents\\TFE\\OMG-GH\\omg-server\\controllers\\ctrUser.js","statementMap":{"0":{"start":{"line":1,"column":13},"end":{"line":1,"column":43}},"1":{"start":{"line":2,"column":15},"end":{"line":2,"column":32}},"2":{"start":{"line":3,"column":12},"end":{"line":3,"column":35}},"3":{"start":{"line":4,"column":17},"end":{"line":4,"column":34}},"4":{"start":{"line":17,"column":0},"end":{"line":62,"column":2}},"5":{"start":{"line":18,"column":1},"end":{"line":23,"column":2}},"6":{"start":{"line":19,"column":2},"end":{"line":22,"column":5}},"7":{"start":{"line":24,"column":1},"end":{"line":29,"column":2}},"8":{"start":{"line":25,"column":2},"end":{"line":28,"column":5}},"9":{"start":{"line":31,"column":12},"end":{"line":31,"column":50}},"10":{"start":{"line":32,"column":16},"end":{"line":34,"column":21}},"11":{"start":{"line":36,"column":12},"end":{"line":40,"column":3}},"12":{"start":{"line":41,"column":1},"end":{"line":45,"column":2}},"13":{"start":{"line":42,"column":2},"end":{"line":44,"column":70}},"14":{"start":{"line":47,"column":1},"end":{"line":61,"column":2}},"15":{"start":{"line":48,"column":13},"end":{"line":54,"column":4}},"16":{"start":{"line":55,"column":2},"end":{"line":55,"column":71}},"17":{"start":{"line":57,"column":2},"end":{"line":60,"column":5}},"18":{"start":{"line":71,"column":0},"end":{"line":105,"column":2}},"19":{"start":{"line":72,"column":1},"end":{"line":104,"column":2}},"20":{"start":{"line":73,"column":2},"end":{"line":101,"column":14}},"21":{"start":{"line":77,"column":4},"end":{"line":79,"column":5}},"22":{"start":{"line":78,"column":5},"end":{"line":78,"column":56}},"23":{"start":{"line":80,"column":4},"end":{"line":85,"column":5}},"24":{"start":{"line":81,"column":5},"end":{"line":84,"column":8}},"25":{"start":{"line":86,"column":4},"end":{"line":99,"column":7}},"26":{"start":{"line":87,"column":5},"end":{"line":89,"column":6}},"27":{"start":{"line":88,"column":6},"end":{"line":88,"column":57}},"28":{"start":{"line":90,"column":19},"end":{"line":92,"column":7}},"29":{"start":{"line":94,"column":5},"end":{"line":98,"column":8}},"30":{"start":{"line":103,"column":2},"end":{"line":103,"column":26}},"31":{"start":{"line":114,"column":0},"end":{"line":139,"column":2}},"32":{"start":{"line":115,"column":1},"end":{"line":138,"column":2}},"33":{"start":{"line":116,"column":2},"end":{"line":135,"column":14}},"34":{"start":{"line":120,"column":4},"end":{"line":133,"column":5}},"35":{"start":{"line":121,"column":5},"end":{"line":124,"column":8}},"36":{"start":{"line":125,"column":11},"end":{"line":133,"column":5}},"37":{"start":{"line":126,"column":5},"end":{"line":128,"column":61}},"38":{"start":{"line":130,"column":5},"end":{"line":132,"column":52}},"39":{"start":{"line":137,"column":2},"end":{"line":137,"column":26}},"40":{"start":{"line":146,"column":1},"end":{"line":146,"column":29}},"41":{"start":{"line":152,"column":2},"end":{"line":152,"column":155}},"42":{"start":{"line":153,"column":1},"end":{"line":153,"column":45}}},"fnMap":{"0":{"name":"(anonymous_0)","decl":{"start":{"line":17,"column":21},"end":{"line":17,"column":22}},"loc":{"start":{"line":17,"column":47},"end":{"line":62,"column":1}},"line":17},"1":{"name":"(anonymous_1)","decl":{"start":{"line":71,"column":21},"end":{"line":71,"column":22}},"loc":{"start":{"line":71,"column":47},"end":{"line":105,"column":1}},"line":71},"2":{"name":"(anonymous_2)","decl":{"start":{"line":76,"column":3},"end":{"line":76,"column":4}},"loc":{"start":{"line":76,"column":24},"end":{"line":100,"column":4}},"line":76},"3":{"name":"(anonymous_3)","decl":{"start":{"line":86,"column":40},"end":{"line":86,"column":41}},"loc":{"start":{"line":86,"column":55},"end":{"line":99,"column":5}},"line":86},"4":{"name":"(anonymous_4)","decl":{"start":{"line":114,"column":18},"end":{"line":114,"column":19}},"loc":{"start":{"line":114,"column":44},"end":{"line":139,"column":1}},"line":114},"5":{"name":"(anonymous_5)","decl":{"start":{"line":119,"column":3},"end":{"line":119,"column":4}},"loc":{"start":{"line":119,"column":24},"end":{"line":134,"column":4}},"line":119},"6":{"name":"isValidPassword","decl":{"start":{"line":145,"column":9},"end":{"line":145,"column":24}},"loc":{"start":{"line":145,"column":35},"end":{"line":147,"column":1}},"line":145},"7":{"name":"isValidEmail","decl":{"start":{"line":150,"column":9},"end":{"line":150,"column":21}},"loc":{"start":{"line":150,"column":29},"end":{"line":154,"column":1}},"line":150}},"branchMap":{"0":{"loc":{"start":{"line":18,"column":1},"end":{"line":23,"column":2}},"type":"if","locations":[{"start":{"line":18,"column":1},"end":{"line":23,"column":2}},{"start":{"line":18,"column":1},"end":{"line":23,"column":2}}],"line":18},"1":{"loc":{"start":{"line":24,"column":1},"end":{"line":29,"column":2}},"type":"if","locations":[{"start":{"line":24,"column":1},"end":{"line":29,"column":2}},{"start":{"line":24,"column":1},"end":{"line":29,"column":2}}],"line":24},"2":{"loc":{"start":{"line":41,"column":1},"end":{"line":45,"column":2}},"type":"if","locations":[{"start":{"line":41,"column":1},"end":{"line":45,"column":2}},{"start":{"line":41,"column":1},"end":{"line":45,"column":2}}],"line":41},"3":{"loc":{"start":{"line":77,"column":4},"end":{"line":79,"column":5}},"type":"if","locations":[{"start":{"line":77,"column":4},"end":{"line":79,"column":5}},{"start":{"line":77,"column":4},"end":{"line":79,"column":5}}],"line":77},"4":{"loc":{"start":{"line":80,"column":4},"end":{"line":85,"column":5}},"type":"if","locations":[{"start":{"line":80,"column":4},"end":{"line":85,"column":5}},{"start":{"line":80,"column":4},"end":{"line":85,"column":5}}],"line":80},"5":{"loc":{"start":{"line":87,"column":5},"end":{"line":89,"column":6}},"type":"if","locations":[{"start":{"line":87,"column":5},"end":{"line":89,"column":6}},{"start":{"line":87,"column":5},"end":{"line":89,"column":6}}],"line":87},"6":{"loc":{"start":{"line":120,"column":4},"end":{"line":133,"column":5}},"type":"if","locations":[{"start":{"line":120,"column":4},"end":{"line":133,"column":5}},{"start":{"line":120,"column":4},"end":{"line":133,"column":5}}],"line":120},"7":{"loc":{"start":{"line":125,"column":11},"end":{"line":133,"column":5}},"type":"if","locations":[{"start":{"line":125,"column":11},"end":{"line":133,"column":5}},{"start":{"line":125,"column":11},"end":{"line":133,"column":5}}],"line":125}},"s":{"0":1,"1":1,"2":1,"3":1,"4":1,"5":5,"6":1,"7":4,"8":1,"9":3,"10":3,"11":3,"12":3,"13":2,"14":1,"15":1,"16":1,"17":0,"18":1,"19":9,"20":9,"21":9,"22":0,"23":9,"24":3,"25":6,"26":6,"27":0,"28":6,"29":6,"30":0,"31":1,"32":0,"33":0,"34":0,"35":0,"36":0,"37":0,"38":0,"39":0,"40":5,"41":4,"42":4},"f":{"0":5,"1":9,"2":9,"3":6,"4":0,"5":0,"6":5,"7":4},"b":{"0":[1,4],"1":[1,3],"2":[2,1],"3":[0,9],"4":[3,6],"5":[0,6],"6":[0,0],"7":[0,0]},"_coverageSchema":"1a1c01bbd47fc00a2c39e90264f33305004495a9","hash":"7f2e8ae412e8e40445861d18211d7129b44262d8","contentHash":"c42138aeb0d0d0d8eae0ad811459a85081170ca25ec271590c829d7348e039e4"},"C:\\Users\\micha\\Documents\\TFE\\OMG-GH\\omg-server\\routes\\routeTag.js":{"path":"C:\\Users\\micha\\Documents\\TFE\\OMG-GH\\omg-server\\routes\\routeTag.js","statementMap":{"0":{"start":{"line":1,"column":16},"end":{"line":1,"column":34}},"1":{"st
[...]
olumn":2}},"106":{"start":{"line":315,"column":2},"end":{"line":315,"column":31}},"107":{"start":{"line":317,"column":1},"end":{"line":317,"column":59}},"108":{"start":{"line":327,"column":1},"end":{"line":491,"column":2}},"109":{"start":{"line":328,"column":2},"end":{"line":488,"column":14}},"110":{"start":{"line":332,"column":4},"end":{"line":337,"column":5}},"111":{"start":{"line":333,"column":5},"end":{"line":336,"column":8}},"112":{"start":{"line":338,"column":4},"end":{"line":343,"column":5}},"113":{"start":{"line":339,"column":5},"end":{"line":342,"column":8}},"114":{"start":{"line":344,"column":22},"end":{"line":344,"column":24}},"115":{"start":{"line":345,"column":4},"end":{"line":486,"column":7}},"116":{"start":{"line":370,"column":5},"end":{"line":483,"column":8}},"117":{"start":{"line":374,"column":17},"end":{"line":374,"column":36}},"118":{"start":{"line":375,"column":17},"end":{"line":375,"column":40}},"119":{"start":{"line":376,"column":15},"end":{"line":376,"column":36}},"120":{"start":{"line":377,"column":17},"end":{"line":377,"column":44}},"121":{"start":{"line":378,"column":6},"end":{"line":479,"column":9}},"122":{"start":{"line":406,"column":7},"end":{"line":406,"column":37}},"123":{"start":{"line":407,"column":21},"end":{"line":407,"column":37}},"124":{"start":{"line":408,"column":25},"end":{"line":408,"column":27}},"125":{"start":{"line":409,"column":27},"end":{"line":417,"column":8}},"126":{"start":{"line":418,"column":15},"end":{"line":418,"column":16}},"127":{"start":{"line":419,"column":7},"end":{"line":426,"column":8}},"128":{"start":{"line":419,"column":20},"end":{"line":419,"column":34}},"129":{"start":{"line":421,"column":8},"end":{"line":424,"column":9}},"130":{"start":{"line":422,"column":9},"end":{"line":422,"column":43}},"131":{"start":{"line":423,"column":9},"end":{"line":423,"column":29}},"132":{"start":{"line":425,"column":8},"end":{"line":425,"column":12}},"133":{"start":{"line":427,"column":7},"end":{"line":427,"column":34}},"134":{"start":{"line":428,"column":7},"end":{"line":428,"column":32}},"135":{"start":{"line":431,"column":7},"end":{"line":461,"column":10}},"136":{"start":{"line":435,"column":19},"end":{"line":435,"column":47}},"137":{"start":{"line":436,"column":19},"end":{"line":436,"column":47}},"138":{"start":{"line":438,"column":8},"end":{"line":458,"column":9}},"139":{"start":{"line":441,"column":9},"end":{"line":457,"column":10}},"140":{"start":{"line":449,"column":11},"end":{"line":451,"column":12}},"141":{"start":{"line":452,"column":27},"end":{"line":452,"column":29}},"142":{"start":{"line":453,"column":10},"end":{"line":453,"column":40}},"143":{"start":{"line":454,"column":10},"end":{"line":454,"column":48}},"144":{"start":{"line":455,"column":10},"end":{"line":455,"column":39}},"145":{"start":{"line":462,"column":7},"end":{"line":462,"column":32}},"146":{"start":{"line":485,"column":5},"end":{"line":485,"column":24}},"147":{"start":{"line":490,"column":2},"end":{"line":490,"column":26}},"148":{"start":{"line":495,"column":13},"end":{"line":495,"column":26}},"149":{"start":{"line":496,"column":15},"end":{"line":496,"column":67}},"150":{"start":{"line":498,"column":1},"end":{"line":498,"column":59}}},"fnMap":{"0":{"name":"(anonymous_0)","decl":{"start":{"line":21,"column":18},"end":{"line":21,"column":19}},"loc":{"start":{"line":21,"column":44},"end":{"line":62,"column":1}},"line":21},"1":{"name":"(anonymous_1)","decl":{"start":{"line":26,"column":3},"end":{"line":26,"column":4}},"loc":{"start":{"line":26,"column":30},"end":{"line":57,"column":4}},"line":26},"2":{"name":"(anonymous_2)","decl":{"start":{"line":50,"column":11},"end":{"line":50,"column":12}},"loc":{"start":{"line":50,"column":17},"end":{"line":52,"column":6}},"line":50},"3":{"name":"(anonymous_3)","decl":{"start":{"line":53,"column":12},"end":{"line":53,"column":13}},"loc":{"start":{"line":53,"column":21},"end":{"line":56,"column":6}},"line":53},"4":{"name":"(anonymous_4)","decl":{"start":{"line":64,"column":17},"end":{"line":64,"column":18}},"loc":{"start":{"line":64,"column":37},"end":{"line":97,"column":1}},"line":64},"5":{"name":"(anonymous_5)","decl":{"start":{"line":69,"column":3},"end":{"line":69,"column":4}},"loc":{"start":{"line":69,"column":24},"end":{"line":92,"column":4}},"line":69},"6":{"name":"(anonymous_6)","decl":{"start":{"line":85,"column":11},"end":{"line":85,"column":12}},"loc":{"start":{"line":85,"column":17},"end":{"line":87,"column":6}},"line":85},"7":{"name":"(anonymous_7)","decl":{"start":{"line":88,"column":12},"end":{"line":88,"column":13}},"loc":{"start":{"line":88,"column":21},"end":{"line":91,"column":6}},"line":88},"8":{"name":"(anonymous_8)","decl":{"start":{"line":99,"column":25},"end":{"line":99,"column":26}},"loc":{"start":{"line":99,"column":51},"end":{"line":147,"column":1}},"line":99},"9":{"name":"(anonymous_9)","decl":{"start":{"line":104,"column":3},"end":{"line":104,"column":4}},"loc":{"start":{"line":104,"column":30},"end":{"line":142,"column":4}},"line":104},"10":{"name":"(anonymous_10)","decl":{"start":{"line":149,"column":17},"end":{"line":149,"column":18}},"loc":{"start":{"line":149,"column":37},"end":{"line":189,"column":1}},"line":149},"11":{"name":"(anonymous_11)","decl":{"start":{"line":154,"column":3},"end":{"line":154,"column":4}},"loc":{"start":{"line":154,"column":24},"end":{"line":184,"column":4}},"line":154},"12":{"name":"(anonymous_12)","decl":{"start":{"line":179,"column":12},"end":{"line":179,"column":13}},"loc":{"start":{"line":179,"column":22},"end":{"line":183,"column":5}},"line":179},"13":{"name":"(anonymous_13)","decl":{"start":{"line":181,"column":18},"end":{"line":181,"column":19}},"loc":{"start":{"line":181,"column":29},"end":{"line":181,"column":47}},"line":181},"14":{"name":"(anonymous_14)","decl":{"start":{"line":191,"column":22},"end":{"line":191,"column":23}},"loc":{"start":{"line":191,"column":42},"end":{"line":221,"column":1}},"line":191},"15":{"name":"(anonymous_15)","decl":{"start":{"line":196,"column":3},"end":{"line":196,"column":4}},"loc":{"start":{"line":196,"column":24},"end":{"line":216,"column":4}},"line":196},"16":{"name":"(anonymous_16)","decl":{"start":{"line":213,"column":12},"end":{"line":213,"column":13}},"loc":{"start":{"line":213,"column":22},"end":{"line":215,"column":5}},"line":213},"17":{"name":"(anonymous_17)","decl":{"start":{"line":223,"column":35},"end":{"line":223,"column":36}},"loc":{"start":{"line":223,"column":55},"end":{"line":310,"column":1}},"line":223},"18":{"name":"(anonymous_18)","decl":{"start":{"line":228,"column":3},"end":{"line":228,"column":4}},"loc":{"start":{"line":228,"column":24},"end":{"line":305,"column":4}},"line":228},"19":{"name":"(anonymous_19)","decl":{"start":{"line":266,"column":12},"end":{"line":266,"column":13}},"loc":{"start":{"line":266,"column":24},"end":{"line":304,"column":5}},"line":266},"20":{"name":"(anonymous_20)","decl":{"start":{"line":268,"column":20},"end":{"line":268,"column":21}},"loc":{"start":{"line":268,"column":38},"end":{"line":302,"column":6}},"line":268},"21":{"name":"(anonymous_21)","decl":{"start":{"line":312,"column":29},"end":{"line":312,"column":30}},"loc":{"start":{"line":312,"column":49},"end":{"line":322,"column":1}},"line":312},"22":{"name":"(anonymous_22)","decl":{"start":{"line":314,"column":61},"end":{"line":314,"column":62}},"loc":{"start":{"line":315,"column":2},"end":{"line":315,"column":31}},"line":315},"23":{"name":"getPendingTags","decl":{"start":{"line":326,"column":15},"end":{"line":326,"column":29}},"loc":{"start":{"line":326,"column":40},"end":{"line":492,"column":1}},"line":326},"24":{"name":"(anonymous_24)","decl":{"start":{"line":331,"column":3},"end":{"line":331,"column":4}},"loc":{"start":{"line":331,"column":24},"end":{"line":487,"column":4}},"line":331},"25":{"name":"(anonymous_25)","decl":{"start":{"line":369,"column":12},"end":{"line":369,"column":13}},"loc":{"start":{"line":369,"column":22},"end":{"line":486,"column":5}},"line":369},"26":{"name":"(anonymous_26)","decl":{"start":{"line":370,"column":18},"end":{"line":370,"column":19}},"loc":{"start":{"line":370,"column":27},"end":{"line":483,"column":6}},"line":370},"27":{"name":"(anonymous_27)","decl":{"start":{"line":405,"column":14},"end":{"line":405,"column":15}},"loc":{"start":{"line":405,"column":24},"end":{"line":479,"column":7}},"line":405},"28":{"name":"(anonymous_28)","decl":{"start":{"line":431,"column":20},"end":{"line":431,"column":21}},"loc":{"start":{"line":431,"column":32},"end":{"line":461,"column":8}},"line":431},"29":{"name":"roundTo5MinutesAndAddSummerTime","decl":{"start":{"line":494,"column":9},"end":{"line":494,"column":40}},"loc":{"start":{"line":494,"column":47},"end":{"line":499,"column":1}},"line":494}},"branchMap":{"0":{"loc":{"start":{"line":27,"column":4},"end":{"line":29,"column":5}},"type":"if","locations":[{"start":{"line":27,"column":4},"end":{"line":29,"column":5}},{"start":{"line":27,"column":4},"end":{"line":29,"column":5}}],"line":27},"1":{"loc":{"start":{"line":30,"column":4},"end":{"line":32,"column":5}},"type":"if","locations":[{"start":{"line":30,"column":4},"end":{"line":32,"column":5}},{"start":{"line":30,"column":4},"end":{"line":32,"column":5}}],"line":30},"2":{"loc":{"start":{"line":38,"column":4},"end":{"line":42,"column":5}},"type":"if","locations":[{"start":{"line":38,"column":4},"end":{"line":42,"column":5}},{"start":{"line":38,"column":4},"end":{"line":42,"column":5}}],"line":38},"3":{"loc":{"start":{"line":70,"column":4},"end":{"line":72,"column":5}},"type":"if","locations":[{"start":{"line":70,"column":4},"end":{"line":72,"column":5}},{"start":{"line":70,"column":4},"end":{"line":72,"column":5}}],"line":70},"4":{"loc":{"start":{"line":73,"column":4},"end":{"line":75,"column":5}},"type":"if","locations":[{"start":{"line":73,"column":4},"end":{"line":75,"column":5}},{"start":{"line":73,"column":4},"end":{"line":75,"column":5}}],"line":73},"5":{"loc":{"start":{"line":105,"column":4},"end":{"line":110,"column":5}},"type":"if","locations":[{"start":{"line":105,"column":4},"end":{"line":110,"column":5}},{"start":{"line":105,"column":4},"end":{"line":110,"column":5}}],"line":105},"6":{"loc":{"start":{"line":111,"column":4},"end":{"line":116,"column":5}},"type":"if","locations":[{"start":{"line":111,"column":4},"end":{"line":116,"column":5}},{"start":{"line":111,"column":4},"end":{"line":116,"column":5}}],"line":111},"7":{"loc":{"start":{"line":117,"column":4},"end":{"line":119,"column":5}},"type":"if","locations":[{"start":{"line":117,"column":4},"end":{"line":119,"column":5}},{"start":{"line":117,"column":4},"end":{"line":119,"column":5}}],"line":117},"8":{"loc":{"start":{"line":125,"column":4},"end":{"line":141,"column":5}},"type":"if","locations":[{"start":{"line":125,"column":4},"end":{"line":141,"column":5}},{"start":{"line":125,"column":4},"end":{"line":141,"column":5}}],"line":125},"9":{"loc":{"start":{"line":155,"column":4},"end":{"line":160,"column":5}},"type":"if","locations":[{"start":{"line":155,"column":4},"end":{"line":160,"column":5}},{"start":{"line":155,"column":4},"end":{"line":160,"column":5}}],"line":155},"10":{"loc":{"start":{"line":161,"column":4},"end":{"line":166,"column":5}},"type":"if","locations":[{"start":{"line":161,"column":4},"end":{"line":166,"column":5}},{"start":{"line":161,"column":4},"end":{"line":166,"column":5}}],"line":161},"11":{"loc":{"start":{"line":197,"column":4},"end":{"line":202,"column":5}},"type":"if","locations":[{"start":{"line":197,"column":4},"end":{"line":202,"column":5}},{"start":{"line":197,"column":4},"end":{"line":202,"column":5}}],"line":197},"12":{"loc":{"start":{"line":203,"column":4},"end":{"line":208,"column":5}},"type":"if","locations":[{"start":{"line":203,"column":4},"end":{"line":208,"column":5}},{"start":{"line":203,"column":4},"end":{"line":208,"column":5}}],"line":203},"13":{"loc":{"start":{"line":229,"column":4},"end":{"line":234,"column":5}},"type":"if","locations":[{"start":{"line":229,"column":4},"end":{"line":234,"column":5}},{"start":{"line":229,"column":4},"end":{"line":234,"column":5}}],"line":229},"14":{"loc":{"start":{"line":235,"column":4},"end":{"line":240,"column":5}},"type":"if","locations":[{"start":{"line":235,"column":4},"end":{"line":240,"column":5}},{"start":{"line":235,"column":4},"end":{"line":240,"column":5}}],"line":235},"15":{"loc":{"start":{"line":288,"column":7},"end":{"line":291,"column":8}},"type":"if","locations":[{"start":{"line":288,"column":7},"end":{"line":291,"column":8}},{"start":{"line":288,"column":7},"end":{"line":291,"column":8}}],"line":288},"16":{"loc":{"start":{"line":332,"column":4},"end":{"line":337,"column":5}},"type":"if","locations":[{"start":{"line":332,"column":4},"end":{"line":337,"column":5}},{"start":{"line":332,"column":4},"end":{"line":337,"column":5}}],"line":332},"17":{"loc":{"start":{"line":338,"column":4},"end":{"line":343,"column":5}},"type":"if","locations":[{"start":{"line":338,"column":4},"end":{"line":343,"column":5}},{"start":{"line":338,"column":4},"end":{"line":343,"column":5}}],"line":338},"18":{"loc":{"start":{"line":421,"column":8},"end":{"line":424,"column":9}},"type":"if","locations":[{"start":{"line":421,"column":8},"end":{"line":424,"column":9}},{"start":{"line":421,"column":8},"end":{"line":424,"column":9}}],"line":421},"19":{"loc":{"start":{"line":438,"column":8},"end":{"line":458,"column":9}},"type":"if","locations":[{"start":{"line":438,"column":8},"end":{"line":458,"column":9}},{"start":{"line":438,"column":8},"end":{"line":458,"column":9}}],"line":438},"20":{"loc":{"start":{"line":438,"column":12},"end":{"line":438,"column":38}},"type":"binary-expr","locations":[{"start":{"line":438,"column":12},"end":{"line":438,"column":24}},{"start":{"line":438,"column":28},"end":{"line":438,"column":38}}],"line":438},"21":{"loc":{"start":{"line":441,"column":9},"end":{"line":457,"column":10}},"type":"if","locations":[{"start":{"line":441,"column":9},"end":{"line":457,"column":10}},{"start":{"line":441,"column":9},"end":{"line":457,"column":10}}],"line":441}},"s":{"0":1,"1":1,"2":1,"3":1,"4":1,"5":1,"6":1,"7":1,"8":1,"9":1,"10":9,"11":9,"12":9,"13":0,"14":9,"15":0,"16":9,"17":9,"18":1,"19":8,"20":8,"21":0,"22":0,"23":0,"24":1,"25":0,"26":0,"27":0,"28":0,"29":0,"30":0,"31":0,"32":0,"33":0,"34":0,"35":0,"36":1,"37":3,"38":3,"39":3,"40":0,"41":3,"42":0,"43":3,"44":1,"45":2,"46":2,"47":1,"48":1,"49":1,"50":0,"51":1,"52":7,"53":7,"54":7,"55":0,"56":7,"57":0,"58":7,"59":7,"60":7,"61":9,"62":7,"63":0,"64":1,"65":1,"66":1,"67":1,"68":0,"69":1,"70":0,"71":1,"72":1,"73":0,"74":1,"75":0,"76":0,"77":0,"78":0,"79":0,"80":0,"81":0,"82":0,"83":0,"84":0,"85":0,"86":0,"87":0,"88":0,"89":0,"90":0,"91":0,"92":0,"93":0,"94":0,"95":0,"96":0,"97":0,"98":0,"99":0,"100":0,"101":0,"102":0,"103":0,"104":1,"105":0,"106":0,"107":0,"108":0,"109":0,"110":0,"111":0,"112":0,"113":0,"114":0,"115":0,"116":0,"117":0,"118":0,"119":0,"120":0,"121":0,"122":0,"123":0,"124":0,"125":0,"126":0,"127":0,"128":0,"129":0,"130":0,"131":0,"132":0,"133":0,"134":0,"135":0,"136":0,"137":0,"138":0,"139":0,"140":0,"141":0,"142":0,"143":0,"144":0,"145":0,"146":0,"147":0,"148":0,"149":0,"150":0},"f":{"0":9,"1":9,"2":8,"3":0,"4":0,"5":0,"6":0,"7":0,"8":3,"9":3,"10":7,"11":7,"12":7,"13":9,"14":1,"15":1,"16":1,"17":0,"18":0,"19":0,"20":0,"21":0,"22":0,"23":0,"24":0,"25":0,"26":0,"27":0,"28":0,"29":0},"b":{"0":[0,9],"1":[0,9],"2":[1,8],"3":[0,0],"4":[0,0],"5":[0,3],"6":[0,3],"7":[1,2],"8":[1,1],"9":[0,7],"10":[0,7],"11":[0,1],"12":[0,1],"13":[0,0],"14":[0,0],"15":[0,0],"16":[0,0],"17":[0,0],"18":[0,0],"19":[0,0],"20":[0,0],"21":[0,0]},"_coverageSchema":"1a1c01bbd47fc00a2c39e90264f33305004495a9","hash":"6feaead48528252ba161f6658229a57ed3dea080","contentHash":"52cc9d7c26fcc197f2099ef989fc5321135ff43ac12570c001c36d48199ebbca"},"C:\\Users\\micha\\Documents\\TFE\\OMG-GH\\omg-server\\routes\\routeInsulin.js":{"path":"C:\\Users\\micha\\Documents\\TFE\\OMG-GH\\omg-server\\routes\\routeInsulin.js","statementMap":{"0":{"start":{"line":1,"column":16},"end":{"line":1,"column":34}},"1":{"start":{"line":2,"column":15},"end":{"line":2,"column":31}},"2":{"start":{"line":3,"column":19},"end":{"line":3,"column":55}},"3":{"start":{"line":5,"column":0},"end":{"line":5,"column":72}},"4":{"start":{"line":7,"column":0},"end":{"line":7,"column":24}}},"fnMap":{},"branchMap":{},"s":{"0":1,"1":1,"2":1,"3":1,"4":1},"f":{},"b":{},"_coverageSchema":"1a1c01bbd47fc00a2c39e90264f33305004495a9","hash":"29410342c955b69a6bd3b6bedea08d5a52c84751","contentHash":"2f2f4e545fb1cc3d8b767546abe9c2126fd1c693d794707ca76c943e932f3869"},"C:\\Users\\micha\\Documents\\TFE\\OMG-GH\\omg-server\\controllers\\ctrInsulin.js":{"path":"C:\\Users\\micha\\Documents\\TFE\\OMG-GH\\omg-server\\controllers\\ctrInsulin.js","statementMap":{"0":{"start":{"line":1,"column":16},"end":{"line":1,"column":49}},"1":{"start":{"line":2,"column":12},"end":{"line":2,"column":39}},"2":{"start":{"line":3,"column":18},"end":{"line":3,"column":31}},"3":{"start":{"line":4,"column":18},"end":{"line":4,"column":31}},"4":{"start":{"line":5,"column":17},"end":{"line":5,"column":34}},"5":{"start":{"line":6,"column":15},"end":{"line":6,"column":35}},"6":{"start":{"line":12,"column":0},"end":{"line":86,"column":2}},"7":{"start":{"line":13,"column":1},"end":{"line":85,"column":2}},"8":{"start":{"line":14,"column":2},"end":{"line":82,"column":14}},"9":{"start":{"line":18,"column":4},"end":{"line":23,"column":5}},"10":{"start":{"line":19,"column":5},"end":{"line":22,"column":8}},"11":{"start":{"line":24,"column":4},"end":{"line":29,"column":5}},"12":{"start":{"line":25,"column":5},"end":{"line":28,"column":8}},"13":{"start":{"line":31,"column":22},"end":{"line":31,"column":51}},"14":{"start":{"line":32,"column":21},"end":{"line":32,"column":31}},"15":{"start":{"line":34,"column":4},"end":{"line":34,"column":59}},"16":{"start":{"line":36,"column":4},"end":{"line":80,"column":7}},"17":{"start":{"line":69,"column":23},"end":{"line":69,"column":25}},"18":{"start":{"line":70,"column":5},"end":{"line":78,"column":8}},"19":{"start":{"line":75,"column":17},"end":{"line":75,"column":47}},"20":{"start":{"line":76,"column":17},"end":{"line":76,"column":47}},"21":{"start":{"line":77,"column":6},"end":{"line":77,"column":51}},"22":{"start":{"line":79,"column":5},"end":{"line":79,"column":39}},"23":{"start":{"line":84,"column":2},"end":{"line":84,"column":26}}},"fnMap":{"0":{"name":"(anonymous_0)","decl":{"start":{"line":12,"column":43},"end":{"line":12,"column":44}},"loc":{"start":{"line":12,"column":63},"end":{"line":86,"column":1}},"line":12},"1":{"name":"(anonymous_1)","decl":{"start":{"line":17,"column":3},"end":{"line":17,"column":4}},"loc":{"start":{"line":17,"column":24},"end":{"line":81,"column":4}},"line":17},"2":{"name":"(anonymous_2)","decl":{"start":{"line":67,"column":12},"end":{"line":67,"column":13}},"loc":{"start":{"line":67,"column":24},"end":{"line":80,"column":5}},"line":67},"3":{"name":"(anonymous_3)","decl":{"start":{"line":70,"column":20},"end":{"line":70,"column":21}},"loc":{"start":{"line":70,"column":31},"end":{"line":78,"column":6}},"line":70}},"branchMap":{"0":{"loc":{"start":{"line":18,"column":4},"end":{"line":23,"column":5}},"type":"if","locations":[{"start":{"line":18,"column":4},"end":{"line":23,"column":5}},{"start":{"line":18,"column":4},"end":{"line":23,"column":5}}],"line":18},"1":{"loc":{"start":{"line":24,"column":4},"end":{"line":29,"column":5}},"type":"if","locations":[{"start":{"line":24,"column":4},"end":{"line":29,"column":5}},{"start":{"line":24,"column":4},"end":{"line":29,"column":5}}],"line":24}},"s":{"0":1,"1":1,"2":1,"3":1,"4":1,"5":1,"6":1,"7":0,"8":0,"9":0,"10":0,"11":0,"12":0,"13":0,"14":0,"15":0,"16":0,"17":0,"18":0,"19":0,"20":0,"21":0,"22":0,"23":0},"f":{"0":0,"1":0,"2":0,"3":0},"b":{"0":[0,0],"1":[0,0]},"_coverageSchema":"1a1c01bbd47fc00a2c39e90264f33305004495a9","hash":"82d1d0f7b2c217fe0a2220f6b12050f2938bcaf3","contentHash":"2ef79a59b1aa5b4773722a86620ef28b89455af41218b683c964f195b0eeccf9"}}