<?xml version="1.0" encoding="UTF-8"?>
<coverage generated="1685368743795" clover="3.2.0">
  <project timestamp="1685368743795" name="All files">
    <metrics statements="34" coveredstatements="25" conditionals="7" coveredconditionals="5" methods="6" coveredmethods="4" elements="47" coveredelements="34" complexity="0" loc="34" ncloc="34" packages="1" files="1" classes="1"/>
    <file name="dateUtils.js" path="C:\Users\micha\Documents\TFE\OMG-GH\omg-server\utils\dateUtils.js">
      <metrics statements="34" coveredstatements="25" conditionals="7" coveredconditionals="5" methods="6" coveredmethods="4"/>
      <line num="1" count="1" type="stmt"/>
      <line num="2" count="1" type="stmt"/>
      <line num="6" count="10" type="stmt"/>
      <line num="11" count="0" type="stmt"/>
      <line num="12" count="0" type="stmt"/>
      <line num="13" count="0" type="stmt"/>
      <line num="19" count="4" type="stmt"/>
      <line num="20" count="4" type="stmt"/>
      <line num="21" count="4" type="cond" truecount="2" falsecount="0"/>
      <line num="22" count="2" type="stmt"/>
      <line num="24" count="2" type="stmt"/>
      <line num="26" count="4" type="stmt"/>
      <line num="27" count="4" type="stmt"/>
      <line num="32" count="0" type="stmt"/>
      <line num="33" count="0" type="stmt"/>
      <line num="34" count="0" type="stmt"/>
      <line num="35" count="0" type="stmt"/>
      <line num="36" count="0" type="stmt"/>
      <line num="41" count="11" type="cond" truecount="1" falsecount="1"/>
      <line num="42" count="0" type="stmt"/>
      <line num="44" count="11" type="stmt"/>
      <line num="45" count="11" type="stmt"/>
      <line num="46" count="11" type="stmt"/>
      <line num="47" count="73" type="cond" truecount="2" falsecount="0"/>
      <line num="48" count="63" type="stmt"/>
      <line num="50" count="10" type="stmt"/>
      <line num="53" count="1" type="stmt"/>
      <line num="58" count="5" type="stmt"/>
      <line num="59" count="5" type="stmt"/>
      <line num="60" count="5" type="stmt"/>
      <line num="61" count="5" type="stmt"/>
      <line num="62" count="5" type="stmt"/>
      <line num="63" count="5" type="stmt"/>
      <line num="66" count="1" type="stmt"/>
    </file>
  </project>
</coverage>
