{"C:\\Users\\micha\\Documents\\TFE\\OMG-GH\\omg-server\\utils\\dateUtils.js": {"path":"C:\\Users\\micha\\Documents\\TFE\\OMG-GH\\omg-server\\utils\\dateUtils.js","statementMap":{"0":{"start":{"line":1,"column":11},"end":{"line":1,"column":45}},"1":{"start":{"line":2,"column":15},"end":{"line":2,"column":41}},"2":{"start":{"line":6,"column":1},"end":{"line":6,"column":52}},"3":{"start":{"line":11,"column":14},"end":{"line":11,"column":52}},"4":{"start":{"line":12,"column":17},"end":{"line":12,"column":30}},"5":{"start":{"line":13,"column":1},"end":{"line":13,"column":18}},"6":{"start":{"line":19,"column":16},"end":{"line":19,"column":50}},"7":{"start":{"line":20,"column":14},"end":{"line":20,"column":15}},"8":{"start":{"line":21,"column":1},"end":{"line":25,"column":2}},"9":{"start":{"line":22,"column":2},"end":{"line":22,"column":41}},"10":{"start":{"line":24,"column":2},"end":{"line":24,"column":41}},"11":{"start":{"line":26,"column":17},"end":{"line":26,"column":30}},"12":{"start":{"line":27,"column":1},"end":{"line":27,"column":18}},"13":{"start":{"line":32,"column":17},"end":{"line":32,"column":41}},"14":{"start":{"line":33,"column":17},"end":{"line":33,"column":60}},"15":{"start":{"line":34,"column":14},"end":{"line":34,"column":28}},"16":{"start":{"line":35,"column":1},"end":{"line":35,"column":27}},"17":{"start":{"line":36,"column":1},"end":{"line":36,"column":29}},"18":{"start":{"line":41,"column":1},"end":{"line":43,"column":2}},"19":{"start":{"line":42,"column":2},"end":{"line":42,"column":25}},"20":{"start":{"line":44,"column":19},"end":{"line":44,"column":65}},"21":{"start":{"line":45,"column":19},"end":{"line":45,"column":20}},"22":{"start":{"line":46,"column":1},"end":{"line":52,"column":2}},"23":{"start":{"line":47,"column":2},"end":{"line":51,"column":3}},"24":{"start":{"line":48,"column":3},"end":{"line":48,"column":32}},"25":{"start":{"line":50,"column":3},"end":{"line":50,"column":22}},"26":{"start":{"line":53,"column":1},"end":{"line":53,"column":20}},"27":{"start":{"line":58,"column":15},"end":{"line":58,"column":32}},"28":{"start":{"line":59,"column":15},"end":{"line":59,"column":35}},"29":{"start":{"line":60,"column":18},"end":{"line":60,"column":42}},"30":{"start":{"line":61,"column":1},"end":{"line":61,"column":32}},"31":{"start":{"line":62,"column":1},"end":{"line":62,"column":23}},"32":{"start":{"line":63,"column":1},"end":{"line":63,"column":30}},"33":{"start":{"line":66,"column":0},"end":{"line":73,"column":2}}},"fnMap":{"0":{"name":"hasDST","decl":{"start":{"line":5,"column":9},"end":{"line":5,"column":15}},"loc":{"start":{"line":5,"column":41},"end":{"line":7,"column":1}},"line":5},"1":{"name":"normalizedUTC","decl":{"start":{"line":9,"column":9},"end":{"line":9,"column":22}},"loc":{"start":{"line":9,"column":29},"end":{"line":14,"column":1}},"line":9},"2":{"name":"normalizeUTCWithCountry","decl":{"start":{"line":16,"column":9},"end":{"line":16,"column":32}},"loc":{"start":{"line":16,"column":48},"end":{"line":28,"column":1}},"line":16},"3":{"name":"toNormalizedUTCISOStringWithCountry","decl":{"start":{"line":30,"column":9},"end":{"line":30,"column":44}},"loc":{"start":{"line":30,"column":60},"end":{"line":37,"column":1}},"line":30},"4":{"name":"roundTo5Minutes","decl":{"start":{"line":39,"column":9},"end":{"line":39,"column":24}},"loc":{"start":{"line":39,"column":42},"end":{"line":54,"column":1}},"line":39},"5":{"name":"ISOTo5Minutes","decl":{"start":{"line":56,"column":9},"end":{"line":56,"column":22}},"loc":{"start":{"line":56,"column":32},"end":{"line":64,"column":1}},"line":56}},"branchMap":{"0":{"loc":{"start":{"line":5,"column":16},"end":{"line":5,"column":33}},"type":"default-arg","locations":[{"start":{"line":5,"column":23},"end":{"line":5,"column":33}}],"line":5},"1":{"loc":{"start":{"line":21,"column":1},"end":{"line":25,"column":2}},"type":"if","locations":[{"start":{"line":21,"column":1},"end":{"line":25,"column":2}},{"start":{"line":23,"column":8},"end":{"line":25,"column":2}}],"line":21},"2":{"loc":{"start":{"line":41,"column":1},"end":{"line":43,"column":2}},"type":"if","locations":[{"start":{"line":41,"column":1},"end":{"line":43,"column":2}},{"start":{},"end":{}}],"line":41},"3":{"loc":{"start":{"line":47,"column":2},"end":{"line":51,"column":3}},"type":"if","locations":[{"start":{"line":47,"column":2},"end":{"line":51,"column":3}},{"start":{"line":49,"column":9},"end":{"line":51,"column":3}}],"line":47}},"s":{"0":1,"1":1,"2":10,"3":0,"4":0,"5":0,"6":4,"7":4,"8":4,"9":2,"10":2,"11":4,"12":4,"13":0,"14":0,"15":0,"16":0,"17":0,"18":11,"19":0,"20":11,"21":11,"22":11,"23":73,"24":63,"25":10,"26":1,"27":5,"28":5,"29":5,"30":5,"31":5,"32":5,"33":1},"f":{"0":10,"1":0,"2":4,"3":0,"4":11,"5":5},"b":{"0":[0],"1":[2,2],"2":[0,11],"3":[63,10]},"_coverageSchema":"1a1c01bbd47fc00a2c39e90264f33305004495a9","hash":"f04883ef6cf2dde96e06f613905062ae85edbe5b"}
}
