TN:
SF:utils\dateUtils.js
FN:5,hasDST
FN:9,normalizedUTC
FN:16,normalizeUTCWithCountry
FN:30,toNormalizedUTCISOStringWithCountry
FN:39,roundTo5Minutes
FN:56,ISOTo5Minutes
FNF:6
FNH:4
FNDA:10,hasDST
FNDA:0,normalizedUTC
FNDA:4,normalizeUTCWithCountry
FNDA:0,toNormalizedUTCISOStringWithCountry
FNDA:11,roundTo5Minutes
FNDA:5,ISOTo5Minutes
DA:1,1
DA:2,1
DA:6,10
DA:11,0
DA:12,0
DA:13,0
DA:19,4
DA:20,4
DA:21,4
DA:22,2
DA:24,2
DA:26,4
DA:27,4
DA:32,0
DA:33,0
DA:34,0
DA:35,0
DA:36,0
DA:41,11
DA:42,0
DA:44,11
DA:45,11
DA:46,11
DA:47,73
DA:48,63
DA:50,10
DA:53,1
DA:58,5
DA:59,5
DA:60,5
DA:61,5
DA:62,5
DA:63,5
DA:66,1
LF:34
LH:25
BRDA:5,0,0,0
BRDA:21,1,0,2
BRDA:21,1,1,2
BRDA:41,2,0,0
BRDA:41,2,1,11
BRDA:47,3,0,63
BRDA:47,3,1,10
BRF:7
BRH:5
end_of_record
